[2016.01.26-06.41.17:549][  0]Log file open, 01/26/16 00:41:17
[2016.01.26-06.41.17:549][  0]LogInit:Display: Running engine for game: BattleBots
[2016.01.26-06.41.17:549][  0]LogPlatformFile: Not using cached read wrapper
[2016.01.26-06.41.17:549][  0]LogInit:Display: RandInit(-882586840) SRandInit(-882586837).
[2016.01.26-06.41.17:549][  0]LogTaskGraph: Started task graph with 4 named threads and 7 total threads.
[2016.01.26-06.41.17:549][  0]LogStats: Stats thread started at 0.089588
[2016.01.26-06.41.17:549][  0]LogInit: Version: 4.10.2-2818068+++depot+UE4-Releases+4.10
[2016.01.26-06.41.17:549][  0]LogInit: API Version: 2758231
[2016.01.26-06.41.17:549][  0]LogInit: Compiled (64-bit): Jan  6 2016 17:36:42
[2016.01.26-06.41.17:549][  0]LogInit: Compiled with Visual C++: 19.00.23026.00
[2016.01.26-06.41.17:549][  0]LogInit: Build Configuration: Development
[2016.01.26-06.41.17:549][  0]LogInit: Branch Name: ++depot+UE4-Releases+4.10
[2016.01.26-06.41.17:549][  0]LogInit: Command line:  /Temp/Autosaves/Game/BattleBotsContent/Maps/UEDPCBattleMap -game -PIEVIACONSOLE -ResX=1280 -ResY=720  -Multiprocess 
[2016.01.26-06.41.17:549][  0]LogInit: Base directory: D:/Programfiles/UNREAL/Epic Games/4.10/Engine/Binaries/Win64/
[2016.01.26-06.41.17:549][  0]LogInit: Rocket: 1
[2016.01.26-06.41.17:555][  0]LogInit: Using libcurl 7.41.0
[2016.01.26-06.41.17:555][  0]LogInit:  - built for x86_64-pc-win32
[2016.01.26-06.41.17:555][  0]LogInit:  - supports SSL with WinSSL
[2016.01.26-06.41.17:555][  0]LogInit:  - other features:
[2016.01.26-06.41.17:555][  0]LogInit:      CURL_VERSION_SSL
[2016.01.26-06.41.17:555][  0]LogInit:      CURL_VERSION_IPV6
[2016.01.26-06.41.17:555][  0]LogInit:      CURL_VERSION_ASYNCHDNS
[2016.01.26-06.41.17:555][  0]LogInit:      CURL_VERSION_LARGEFILE
[2016.01.26-06.41.17:555][  0]LogInit:      CURL_VERSION_IDN
[2016.01.26-06.41.17:555][  0]LogInit:  CurlRequestOptions (configurable via config and command line):
[2016.01.26-06.41.17:555][  0]LogInit:  - bVerifyPeer = true  - Libcurl will verify peer certificate
[2016.01.26-06.41.17:555][  0]LogInit:  - bUseHttpProxy = false  - Libcurl will NOT use HTTP proxy
[2016.01.26-06.41.17:555][  0]LogInit:  - bDontReuseConnections = false  - Libcurl will reuse connections
[2016.01.26-06.41.17:555][  0]LogInit:  - CertBundlePath = nullptr  - Libcurl will use whatever was configured at build time.
[2016.01.26-06.41.17:560][  0]LogInit: Presizing for 0 objects not considered by GC, pre-allocating 0 bytes.
[2016.01.26-06.41.17:573][  0]LogInit: Object subsystem initialized
[2016.01.26-06.41.17:574][  0]LogInit: Selected Device Profile: [Windows]
[2016.01.26-06.41.17:574][  0]LogInit: Applying CVar settings loaded from the selected device profile: [Windows]
[2016.01.26-06.41.17:576][  0]LogInit: Computer: LIGHT
[2016.01.26-06.41.17:576][  0]LogInit: User: trfor000
[2016.01.26-06.41.17:576][  0]LogInit: CPU Page size=4096, Cores=4
[2016.01.26-06.41.17:576][  0]LogInit: High frequency timer resolution =2.435779 MHz
[2016.01.26-06.41.17:576][  0]LogMemory: Memory total: Physical=11.9GB (12GB approx)
[2016.01.26-06.41.17:576][  0]LogMemory: Platform Memory Stats for Windows
[2016.01.26-06.41.17:576][  0]LogMemory: Process Physical Memory: 54.02 MB used, 54.02 MB peak
[2016.01.26-06.41.17:576][  0]LogMemory: Process Virtual Memory: 58.52 MB used, 58.52 MB peak
[2016.01.26-06.41.17:576][  0]LogMemory: Physical Memory: 10042.82 MB used, 12207.02 MB total
[2016.01.26-06.41.17:576][  0]LogMemory: Virtual Memory: 368.54 MB used, 134217728.00 MB total
[2016.01.26-06.41.17:612][  0]LogTextLocalizationManager: No specific translations for ('en-US') exist, so ('en') translations will be used.
[2016.01.26-06.41.18:140][  0]LogD3D11RHI: Found D3D11 adapter 0: NVIDIA GeForce GTX 860M (Feature Level 11_0)
[2016.01.26-06.41.18:140][  0]LogD3D11RHI: Adapter has 1985MB of dedicated video memory, 0MB of dedicated system memory, and 2048MB of shared system memory, 2 output[s]
[2016.01.26-06.41.18:148][  0]LogD3D11RHI: Found D3D11 adapter 1: Intel(R) HD Graphics 4600 (Feature Level 11_0)
[2016.01.26-06.41.18:148][  0]LogD3D11RHI: Adapter has 0MB of dedicated video memory, 0MB of dedicated system memory, and 1792MB of shared system memory, 0 output[s]
[2016.01.26-06.41.18:150][  0]LogD3D11RHI: Found D3D11 adapter 2: Microsoft Basic Render Driver (Feature Level 11_0)
[2016.01.26-06.41.18:150][  0]LogD3D11RHI: Adapter has 0MB of dedicated video memory, 0MB of dedicated system memory, and 256MB of shared system memory, 0 output[s]
[2016.01.26-06.41.18:150][  0]LogD3D11RHI: Chosen D3D11 Adapter Id = 0
[2016.01.26-06.41.18:156][  0]LogD3D11RHI: !Direct3DDevice
[2016.01.26-06.41.18:157][  0]LogRHI: Texture pool is 1361 MB (70% of 1945 MB)
[2016.01.26-06.41.18:167][  0]LogD3D11RHI: Async texture creation enabled
[2016.01.26-06.41.18:184][  0]LogShaderCompilers: Guid format shader working directory is -24 characters bigger than the processId version (C:/Users/trfor_000/Desktop/Current Work/Capstone/BB/BattleBots/BattleBots/Intermediate/Shaders/WorkingDirectory/6472/).
[2016.01.26-06.41.18:184][  0]LogShaderCompilers: Cleaned the shader compiler working directory 'C:/Users/TRFOR_~1/AppData/Local/Temp/UnrealShaderWorkingDir/B22FB51440568741D1A8EC948723F4B8/'.
[2016.01.26-06.41.18:184][  0]LogShaderCompilers:Display: Using Local Shader Compiler.
[2016.01.26-06.41.19:024][  0]LogTemp:Display: Loaded TP AllDesktopTargetPlatform
[2016.01.26-06.41.19:029][  0]LogTemp:Display: Loaded TP WindowsClientTargetPlatform
[2016.01.26-06.41.19:032][  0]LogTemp:Display: Loaded TP WindowsNoEditorTargetPlatform
[2016.01.26-06.41.19:035][  0]LogTemp:Display: Loaded TP WindowsServerTargetPlatform
[2016.01.26-06.41.19:038][  0]LogTemp:Display: Loaded TP WindowsTargetPlatform
[2016.01.26-06.41.19:041][  0]LogTemp:Display: Loaded TP AndroidTargetPlatform
[2016.01.26-06.41.19:043][  0]LogTemp:Display: Loaded TP Android_ASTCTargetPlatform
[2016.01.26-06.41.19:046][  0]LogTemp:Display: Loaded TP Android_ATCTargetPlatform
[2016.01.26-06.41.19:048][  0]LogTemp:Display: Loaded TP Android_DXTTargetPlatform
[2016.01.26-06.41.19:050][  0]LogTemp:Display: Loaded TP Android_ETC1TargetPlatform
[2016.01.26-06.41.19:053][  0]LogTemp:Display: Loaded TP Android_ETC2TargetPlatform
[2016.01.26-06.41.19:058][  0]LogTemp:Display: Loaded TP Android_MultiTargetPlatform
[2016.01.26-06.41.19:058][  0]LogTemp:Display: Loaded TP Android_PVRTCTargetPlatform
[2016.01.26-06.41.19:059][  0]LogTemp:Display: Loaded TP HTML5TargetPlatform
[2016.01.26-06.41.19:076][  0]LogTemp:Display: Loaded TP IOSTargetPlatform
[2016.01.26-06.41.19:079][  0]LogTemp:Display: Loaded TP LinuxNoEditorTargetPlatform
[2016.01.26-06.41.19:081][  0]LogTemp:Display: Loaded TP LinuxServerTargetPlatform
[2016.01.26-06.41.19:085][  0]LogTemp:Display: Loaded TP LinuxTargetPlatform
[2016.01.26-06.41.19:085][  0]LogTargetPlatformManager:Display: Building Assets For Windows
[2016.01.26-06.41.19:142][  0]LogDerivedDataCache:Display: Max Cache Size: 512 MB
[2016.01.26-06.41.19:188][  0]LogDerivedDataCache: Loaded boot cache 0.05s 41MB C:/Users/trfor_000/AppData/Local/UnrealEngine/4.10/DerivedDataCache/Boot.ddc.
[2016.01.26-06.41.19:188][  0]LogDerivedDataCache:Display: Loaded Boot cache: C:/Users/trfor_000/AppData/Local/UnrealEngine/4.10/DerivedDataCache/Boot.ddc
[2016.01.26-06.41.19:188][  0]LogDerivedDataCache: FDerivedDataBackendGraph:  Pak pak cache file C:/Users/trfor_000/Desktop/Current Work/Capstone/BB/BattleBots/BattleBots/DerivedDataCache/DDC.ddp not found, will not use a pak cache.
[2016.01.26-06.41.19:188][  0]LogDerivedDataCache: Unable to find inner node Pak for hierarchical cache Hierarchy.
[2016.01.26-06.41.19:188][  0]LogDerivedDataCache: FDerivedDataBackendGraph:  CompressedPak pak cache file C:/Users/trfor_000/Desktop/Current Work/Capstone/BB/BattleBots/BattleBots/DerivedDataCache/Compressed.ddp not found, will not use a pak cache.
[2016.01.26-06.41.19:188][  0]LogDerivedDataCache: Unable to find inner node CompressedPak for hierarchical cache Hierarchy.
[2016.01.26-06.41.19:244][  0]LogDerivedDataCache:Display: Pak cache opened for reading ../../../Engine/DerivedDataCache/Compressed.ddp.
[2016.01.26-06.41.19:256][  0]LogDerivedDataCache: Using Local data cache path C:/Users/trfor_000/AppData/Local/UnrealEngine/Common/DerivedDataCache: Writable
[2016.01.26-06.41.19:413][  0]LogInit: Selected Device Profile: [Windows]
[2016.01.26-06.41.19:415][  0]LogContentStreaming: Texture pool size is 1000.000000MB
[2016.01.26-06.41.19:510][  0]LogMeshUtilities: No automatic mesh reduction module available
[2016.01.26-06.41.19:510][  0]LogMeshUtilities: No automatic mesh merging module available
[2016.01.26-06.41.19:735][  0]LogInit: WinSock: version 1.1 (2.2), MaxSocks=32767, MaxUdp=65467
[2016.01.26-06.41.19:897][  0]LogWindowsMoviePlayer: Unable to load movie: C:/Users/trfor_000/Desktop/Current Work/Capstone/BB/BattleBots/BattleBots/Content/Movies/Default_Startup.mp4
[2016.01.26-06.41.19:980][  0]SourceControl: Info Source control is disabled
[2016.01.26-06.41.20:127][  0]LogObj: 27935 objects as part of root set at end of initial load.
[2016.01.26-06.41.20:127][  0]LogUObjectAllocator: 5830072 out of 0 bytes used by permanent object pool.
[2016.01.26-06.41.20:185][  0]LogEngine: Initializing Engine...
[2016.01.26-06.41.20:187][  0]LogHMD: Can't find Oculus library dev build: is proper Runtime installed? Version: 0.8.0.0
[2016.01.26-06.41.20:187][  0]LogHMD: SteamVR failed to initialize.  Err: 110
[2016.01.26-06.41.20:293][  0]LogInit: XAudio2 using 'Speakers (Realtek High Definition Audio)' : 2 channels at 48 kHz using 32 bits per sample (channel mask 0x3)
[2016.01.26-06.41.20:304][  0]LogInit: FAudioDevice initialized.
[2016.01.26-06.41.20:307][  0]LogInit: Texture streaming: Enabled
[2016.01.26-06.41.20:366][  0]LogNet: Browse: /Temp/Autosaves/Game/BattleBotsContent/Maps/UEDPCBattleMap?Name=Player
[2016.01.26-06.41.20:367][  0]LogLoad: LoadMap: /Temp/Autosaves/Game/BattleBotsContent/Maps/UEDPCBattleMap?Name=Player
[2016.01.26-06.41.20:376][  0]LogParticles: Destroying 0 GPU particle simulations for FXSystem 0x00000052C64AD1C0
[2016.01.26-06.41.20:387][  0]LogMemory: Platform Memory Stats for Windows
[2016.01.26-06.41.20:387][  0]LogMemory: Process Physical Memory: 378.93 MB used, 379.67 MB peak
[2016.01.26-06.41.20:387][  0]LogMemory: Process Virtual Memory: 341.23 MB used, 346.14 MB peak
[2016.01.26-06.41.20:387][  0]LogMemory: Physical Memory: 9792.41 MB used, 12207.02 MB total
[2016.01.26-06.41.20:387][  0]LogMemory: Virtual Memory: 879.07 MB used, 134217728.00 MB total
[2016.01.26-06.41.20:387][  0]LogMemory: 
[2016.01.26-06.41.20:387][  0]Allocator Stats for TBB: (not implemented)
[2016.01.26-06.41.20:403][  0]LogAssetRegistry: FAssetRegistry took 0.0001 seconds to start up
[2016.01.26-06.41.20:656][  0]LogUObjectGlobals:Warning: Attempted to create a package with a short package name: WidgetBattleMode_Mode Outer: NullOuter
[2016.01.26-06.41.20:656][  0]LogLinker:Warning: WidgetBattleMode_Mode has an inappropriate outermost, it was probably saved with a deprecated outer (file: C:/Users/trfor_000/Desktop/Current Work/Capstone/BB/BattleBots/BattleBots/Content/TopDownBP/Blueprints/Widgets/WBP_Battle_UI.uasset)
[2016.01.26-06.41.20:846][  0]LogBlueprint:Warning: [wbp_Battle_UI] CreatePinForVariable: 'WidgetBattleMode_Mode' variable not found. Base class was probably changed.
[2016.01.26-06.41.20:846][  0]LogBlueprint:Warning: [wbp_Battle_UI] CreatePinForVariable: 'WidgetBattleMode_Mode' variable not found. Base class was probably changed.
[2016.01.26-06.41.20:849][  0]LogBlueprint:Warning: [wbp_Battle_UI] CreatePinForVariable: 'WidgetBattleMode_Mode' variable not found. Base class was probably changed.
[2016.01.26-06.41.20:849][  0]LogBlueprint:Warning: [wbp_Battle_UI] CreatePinForVariable: 'WidgetBattleMode_Mode' variable not found. Base class was probably changed.
[2016.01.26-06.41.20:849][  0]LogBlueprint:Warning: [wbp_Battle_UI] CreatePinForVariable: 'WidgetBattleMode_Mode' variable not found. Base class was probably changed.
[2016.01.26-06.41.20:849][  0]LogBlueprint:Warning: [wbp_Battle_UI] CreatePinForVariable: 'WidgetBattleMode_Mode' variable not found. Base class was probably changed.
[2016.01.26-06.41.20:849][  0]LogBlueprint:Warning: [wbp_Battle_UI] CreatePinForVariable: 'WidgetBattleMode_Mode' variable not found. Base class was probably changed.
[2016.01.26-06.41.20:849][  0]LogBlueprint:Warning: [wbp_Battle_UI] CreatePinForVariable: 'WidgetBattleMode_Mode' variable not found. Base class was probably changed.
[2016.01.26-06.41.20:849][  0]LogBlueprint:Warning: [wbp_Battle_UI] CreatePinForVariable: 'WidgetBattleMode_Mode' variable not found. Base class was probably changed.
[2016.01.26-06.41.20:850][  0]LogBlueprint:Warning: [wbp_Battle_UI] CreatePinForVariable: 'WidgetBattleMode_Mode' variable not found. Base class was probably changed.
[2016.01.26-06.41.20:850][  0]LogBlueprint:Warning: [wbp_Battle_UI] CreatePinForVariable: 'WidgetBattleMode_Mode' variable not found. Base class was probably changed.
[2016.01.26-06.41.20:850][  0]LogBlueprint:Warning: [wbp_Battle_UI] CreatePinForVariable: 'WidgetBattleMode_Mode' variable not found. Base class was probably changed.
[2016.01.26-06.41.20:850][  0]LogBlueprint:Warning: [wbp_Battle_UI] CreatePinForVariable: 'WidgetBattleMode_Mode' variable not found. Base class was probably changed.
[2016.01.26-06.41.20:850][  0]LogBlueprint:Warning: [wbp_Battle_UI] CreatePinForVariable: 'WidgetBattleMode_Mode' variable not found. Base class was probably changed.
[2016.01.26-06.41.20:850][  0]LogBlueprint:Warning: [wbp_Battle_UI] CreatePinForVariable: 'WidgetBattleMode_Mode' variable not found. Base class was probably changed.
[2016.01.26-06.41.20:850][  0]LogBlueprint:Warning: [wbp_Battle_UI] CreatePinForVariable: 'WidgetBattleMode_Mode' variable not found. Base class was probably changed.
[2016.01.26-06.41.20:850][  0]LogBlueprint:Warning: [wbp_Battle_UI] CreatePinForVariable: 'WidgetBattleMode_Mode' variable not found. Base class was probably changed.
[2016.01.26-06.41.20:850][  0]LogBlueprint:Warning: [wbp_Battle_UI] CreatePinForVariable: 'WidgetBattleMode_Mode' variable not found. Base class was probably changed.
[2016.01.26-06.41.20:850][  0]LogBlueprint:Warning: [wbp_Battle_UI] CreatePinForVariable: 'WidgetBattleMode_Mode' variable not found. Base class was probably changed.
[2016.01.26-06.41.20:850][  0]LogBlueprint:Warning: [wbp_Battle_UI] CreatePinForVariable: 'WidgetBattleMode_Mode' variable not found. Base class was probably changed.
[2016.01.26-06.41.20:851][  0]LogBlueprint:Warning: [wbp_Battle_UI] CreatePinForVariable: 'WidgetBattleMode_Mode' variable not found. Base class was probably changed.
[2016.01.26-06.41.20:851][  0]LogBlueprint:Warning: [wbp_Battle_UI] CreatePinForVariable: 'WidgetBattleMode_Mode' variable not found. Base class was probably changed.
[2016.01.26-06.41.20:860][  0]LogBlueprint:Warning: [compiler wbp_Battle_UI] Warning Can't connect pins  Object  and  GameModeWidget : This cast has an invalid target type (was the class deleted without a redirect?).
[2016.01.26-06.41.20:861][  0]LogBlueprint:Warning: [compiler wbp_Battle_UI] Warning Could not find a variable named "WidgetBattleMode_Mode" in 'wbp_Battle_UI'.
Make sure 'wbp_Battle_UI' has been compiled for  Set WidgetBattleMode_Mode 
[2016.01.26-06.41.20:861][  0]LogBlueprint:Warning: [compiler wbp_Battle_UI] Warning Can't connect pins  GameModeWidget  and  Object : This cast has an invalid target type (was the class deleted without a redirect?).
[2016.01.26-06.41.20:869][  0]LogBlueprint:Warning: [compiler wbp_Battle_UI] Warning Can't connect pins  Object  and  GameModeWidget : This cast has an invalid target type (was the class deleted without a redirect?).
[2016.01.26-06.41.20:869][  0]LogBlueprint:Warning: [compiler wbp_Battle_UI] Warning Could not find a variable named "WidgetBattleMode_Mode" in 'wbp_Battle_UI'.
Make sure 'wbp_Battle_UI' has been compiled for  Set WidgetBattleMode_Mode 
[2016.01.26-06.41.20:869][  0]LogBlueprint:Warning: [compiler wbp_Battle_UI] Warning Can't connect pins  GameModeWidget  and  Object : This cast has an invalid target type (was the class deleted without a redirect?).
[2016.01.26-06.41.20:869][  0]LogBlueprint:Warning: [compiler wbp_Battle_UI] Warning Can't connect pins  Object  and  GameModeWidget : This cast has an invalid target type (was the class deleted without a redirect?).
[2016.01.26-06.41.20:869][  0]LogBlueprint:Warning: [compiler wbp_Battle_UI] Warning Can't connect pins  GameModeWidget  and  Object : This cast has an invalid target type (was the class deleted without a redirect?).
[2016.01.26-06.41.20:869][  0]LogBlueprint:Warning: [compiler wbp_Battle_UI] Warning Could not find a variable named "WidgetBattleMode_Mode" in 'wbp_Battle_UI'.
Make sure 'wbp_Battle_UI' has been compiled for  Get WidgetBattleMode_Mode 
[2016.01.26-06.41.20:869][  0]LogBlueprint:Warning: [compiler wbp_Battle_UI] Warning Can't connect pins  Object  and  GameModeWidget : This cast has an invalid target type (was the class deleted without a redirect?).
[2016.01.26-06.41.20:869][  0]LogBlueprint:Warning: [compiler wbp_Battle_UI] Warning Could not find a variable named "WidgetBattleMode_Mode" in 'wbp_Battle_UI'.
Make sure 'wbp_Battle_UI' has been compiled for  Set WidgetBattleMode_Mode 
[2016.01.26-06.41.20:869][  0]LogBlueprint:Warning: [compiler wbp_Battle_UI] Warning Can't connect pins  GameModeWidget  and  Object : This cast has an invalid target type (was the class deleted without a redirect?).
[2016.01.26-06.41.20:871][  0]LogBlueprint:Warning: [compiler wbp_Battle_UI] Warning Can't connect pins  Object  and  GameModeWidget : This cast has an invalid target type (was the class deleted without a redirect?).
[2016.01.26-06.41.20:871][  0]LogBlueprint:Warning: [compiler wbp_Battle_UI] Warning Could not find a variable named "WidgetBattleMode_Mode" in 'wbp_Battle_UI'.
Make sure 'wbp_Battle_UI' has been compiled for  Set WidgetBattleMode_Mode 
[2016.01.26-06.41.20:871][  0]LogBlueprint:Warning: [compiler wbp_Battle_UI] Warning Can't connect pins  GameModeWidget  and  Object : This cast has an invalid target type (was the class deleted without a redirect?).
[2016.01.26-06.41.20:871][  0]LogBlueprint:Warning: [compiler wbp_Battle_UI] Warning Can't connect pins  Object  and  GameModeWidget : This cast has an invalid target type (was the class deleted without a redirect?).
[2016.01.26-06.41.20:871][  0]LogBlueprint:Warning: [compiler wbp_Battle_UI] Warning Can't connect pins  GameModeWidget  and  Object : This cast has an invalid target type (was the class deleted without a redirect?).
[2016.01.26-06.41.20:871][  0]LogBlueprint:Warning: [compiler wbp_Battle_UI] Warning Could not find a variable named "WidgetBattleMode_Mode" in 'wbp_Battle_UI'.
Make sure 'wbp_Battle_UI' has been compiled for  Get WidgetBattleMode_Mode 
[2016.01.26-06.41.20:871][  0]LogBlueprint:Warning: [compiler wbp_Battle_UI] Warning Can't connect pins  Object  and  GameModeWidget : This cast has an invalid target type (was the class deleted without a redirect?).
[2016.01.26-06.41.20:871][  0]LogBlueprint:Warning: [compiler wbp_Battle_UI] Warning Could not find a variable named "WidgetBattleMode_Mode" in 'wbp_Battle_UI'.
Make sure 'wbp_Battle_UI' has been compiled for  Set WidgetBattleMode_Mode 
[2016.01.26-06.41.20:871][  0]LogBlueprint:Warning: [compiler wbp_Battle_UI] Warning Can't connect pins  GameModeWidget  and  Object : This cast has an invalid target type (was the class deleted without a redirect?).
[2016.01.26-06.41.20:873][  0]LogBlueprint:Warning: [compiler wbp_Battle_UI] Warning Can't connect pins  Object  and  GameModeWidget : This cast has an invalid target type (was the class deleted without a redirect?).
[2016.01.26-06.41.20:873][  0]LogBlueprint:Warning: [compiler wbp_Battle_UI] Warning Could not find a variable named "WidgetBattleMode_Mode" in 'wbp_Battle_UI'.
Make sure 'wbp_Battle_UI' has been compiled for  Set WidgetBattleMode_Mode 
[2016.01.26-06.41.20:873][  0]LogBlueprint:Warning: [compiler wbp_Battle_UI] Warning Can't connect pins  GameModeWidget  and  Object : This cast has an invalid target type (was the class deleted without a redirect?).
[2016.01.26-06.41.20:873][  0]LogBlueprint:Warning: [compiler wbp_Battle_UI] Warning Can't connect pins  Object  and  GameModeWidget : This cast has an invalid target type (was the class deleted without a redirect?).
[2016.01.26-06.41.20:873][  0]LogBlueprint:Warning: [compiler wbp_Battle_UI] Warning Can't connect pins  GameModeWidget  and  Object : This cast has an invalid target type (was the class deleted without a redirect?).
[2016.01.26-06.41.20:873][  0]LogBlueprint:Warning: [compiler wbp_Battle_UI] Warning Could not find a variable named "WidgetBattleMode_Mode" in 'wbp_Battle_UI'.
Make sure 'wbp_Battle_UI' has been compiled for  Get WidgetBattleMode_Mode 
[2016.01.26-06.41.20:873][  0]LogBlueprint:Warning: [compiler wbp_Battle_UI] Warning Can't connect pins  Object  and  GameModeWidget : This cast has an invalid target type (was the class deleted without a redirect?).
[2016.01.26-06.41.20:873][  0]LogBlueprint:Warning: [compiler wbp_Battle_UI] Warning Could not find a variable named "WidgetBattleMode_Mode" in 'wbp_Battle_UI'.
Make sure 'wbp_Battle_UI' has been compiled for  Set WidgetBattleMode_Mode 
[2016.01.26-06.41.20:873][  0]LogBlueprint:Warning: [compiler wbp_Battle_UI] Warning Can't connect pins  GameModeWidget  and  Object : This cast has an invalid target type (was the class deleted without a redirect?).
[2016.01.26-06.41.20:876][  0]LogBlueprint:Warning: [compiler wbp_Battle_UI] Warning Can't connect pins  Object  and  GameModeWidget : This cast has an invalid target type (was the class deleted without a redirect?).
[2016.01.26-06.41.20:876][  0]LogBlueprint:Warning: [compiler wbp_Battle_UI] Warning Could not find a variable named "WidgetBattleMode_Mode" in 'wbp_Battle_UI'.
Make sure 'wbp_Battle_UI' has been compiled for  Set WidgetBattleMode_Mode 
[2016.01.26-06.41.20:876][  0]LogBlueprint:Warning: [compiler wbp_Battle_UI] Warning Can't connect pins  GameModeWidget  and  Object : This cast has an invalid target type (was the class deleted without a redirect?).
[2016.01.26-06.41.20:876][  0]LogBlueprint:Warning: [compiler wbp_Battle_UI] Warning Can't connect pins  Object  and  GameModeWidget : This cast has an invalid target type (was the class deleted without a redirect?).
[2016.01.26-06.41.20:876][  0]LogBlueprint:Warning: [compiler wbp_Battle_UI] Warning Can't connect pins  GameModeWidget  and  Object : This cast has an invalid target type (was the class deleted without a redirect?).
[2016.01.26-06.41.20:876][  0]LogBlueprint:Warning: [compiler wbp_Battle_UI] Warning Could not find a variable named "WidgetBattleMode_Mode" in 'wbp_Battle_UI'.
Make sure 'wbp_Battle_UI' has been compiled for  Get WidgetBattleMode_Mode 
[2016.01.26-06.41.20:876][  0]LogBlueprint:Warning: [compiler wbp_Battle_UI] Warning Can't connect pins  Object  and  GameModeWidget : This cast has an invalid target type (was the class deleted without a redirect?).
[2016.01.26-06.41.20:876][  0]LogBlueprint:Warning: [compiler wbp_Battle_UI] Warning Could not find a variable named "WidgetBattleMode_Mode" in 'wbp_Battle_UI'.
Make sure 'wbp_Battle_UI' has been compiled for  Set WidgetBattleMode_Mode 
[2016.01.26-06.41.20:876][  0]LogBlueprint:Warning: [compiler wbp_Battle_UI] Warning Can't connect pins  GameModeWidget  and  Object : This cast has an invalid target type (was the class deleted without a redirect?).
[2016.01.26-06.41.20:878][  0]LogBlueprint:Error: [compiler wbp_Battle_UI] Error This blueprint (self) is not compatible with ' Target ', therefore that pin must have a connection.
[2016.01.26-06.41.20:878][  0]LogBlueprint:Error: [compiler wbp_Battle_UI] Error The property associated with  WidgetBattleMode_Mode  could not be found
[2016.01.26-06.41.20:880][  0]LogBlueprint:Error: [compiler wbp_Battle_UI] Error This blueprint (self) is not compatible with ' Target ', therefore that pin must have a connection.
[2016.01.26-06.41.20:880][  0]LogBlueprint:Error: [compiler wbp_Battle_UI] Error This blueprint (self) is not compatible with ' Target ', therefore that pin must have a connection.
[2016.01.26-06.41.20:880][  0]LogBlueprint:Error: [compiler wbp_Battle_UI] Error This blueprint (self) is not compatible with ' Target ', therefore that pin must have a connection.
[2016.01.26-06.41.20:880][  0]LogBlueprint:Error: [compiler wbp_Battle_UI] Error The property associated with  WidgetBattleMode_Mode  could not be found
[2016.01.26-06.41.20:880][  0]LogBlueprint:Error: [compiler wbp_Battle_UI] Error The property associated with  WidgetBattleMode_Mode  could not be found
[2016.01.26-06.41.20:880][  0]LogBlueprint:Error: [compiler wbp_Battle_UI] Error The property associated with  WidgetBattleMode_Mode  could not be found
[2016.01.26-06.41.20:880][  0]LogBlueprint:Error: [compiler wbp_Battle_UI] Error This blueprint (self) is not compatible with ' Target ', therefore that pin must have a connection.
[2016.01.26-06.41.20:881][  0]LogBlueprint:Error: [compiler wbp_Battle_UI] Error This blueprint (self) is not compatible with ' Target ', therefore that pin must have a connection.
[2016.01.26-06.41.20:881][  0]LogBlueprint:Error: [compiler wbp_Battle_UI] Error This blueprint (self) is not compatible with ' Target ', therefore that pin must have a connection.
[2016.01.26-06.41.20:881][  0]LogBlueprint:Error: [compiler wbp_Battle_UI] Error The property associated with  WidgetBattleMode_Mode  could not be found
[2016.01.26-06.41.20:881][  0]LogBlueprint:Error: [compiler wbp_Battle_UI] Error The property associated with  WidgetBattleMode_Mode  could not be found
[2016.01.26-06.41.20:881][  0]LogBlueprint:Error: [compiler wbp_Battle_UI] Error The property associated with  WidgetBattleMode_Mode  could not be found
[2016.01.26-06.41.20:881][  0]LogBlueprint:Error: [compiler wbp_Battle_UI] Error This blueprint (self) is not compatible with ' Target ', therefore that pin must have a connection.
[2016.01.26-06.41.20:881][  0]LogBlueprint:Error: [compiler wbp_Battle_UI] Error This blueprint (self) is not compatible with ' Target ', therefore that pin must have a connection.
[2016.01.26-06.41.20:881][  0]LogBlueprint:Error: [compiler wbp_Battle_UI] Error This blueprint (self) is not compatible with ' Target ', therefore that pin must have a connection.
[2016.01.26-06.41.20:881][  0]LogBlueprint:Error: [compiler wbp_Battle_UI] Error The property associated with  WidgetBattleMode_Mode  could not be found
[2016.01.26-06.41.20:881][  0]LogBlueprint:Error: [compiler wbp_Battle_UI] Error The property associated with  WidgetBattleMode_Mode  could not be found
[2016.01.26-06.41.20:881][  0]LogBlueprint:Error: [compiler wbp_Battle_UI] Error The property associated with  WidgetBattleMode_Mode  could not be found
[2016.01.26-06.41.20:882][  0]LogBlueprint:Error: [compiler wbp_Battle_UI] Error This blueprint (self) is not compatible with ' Target ', therefore that pin must have a connection.
[2016.01.26-06.41.20:882][  0]LogBlueprint:Error: [compiler wbp_Battle_UI] Error This blueprint (self) is not compatible with ' Target ', therefore that pin must have a connection.
[2016.01.26-06.41.20:882][  0]LogBlueprint:Error: [compiler wbp_Battle_UI] Error This blueprint (self) is not compatible with ' Target ', therefore that pin must have a connection.
[2016.01.26-06.41.20:882][  0]LogBlueprint:Error: [compiler wbp_Battle_UI] Error The property associated with  WidgetBattleMode_Mode  could not be found
[2016.01.26-06.41.20:882][  0]LogBlueprint:Error: [compiler wbp_Battle_UI] Error The property associated with  WidgetBattleMode_Mode  could not be found
[2016.01.26-06.41.20:882][  0]LogBlueprint:Error: [compiler wbp_Battle_UI] Error The property associated with  WidgetBattleMode_Mode  could not be found
[2016.01.26-06.41.21:249][  0]LogBlueprint:Warning: [compiler wbp_Battle_UI] Warning Can't connect pins  Object  and  GameModeWidget : This cast has an invalid target type (was the class deleted without a redirect?).
[2016.01.26-06.41.21:249][  0]LogBlueprint:Warning: [compiler wbp_Battle_UI] Warning Could not find a variable named "WidgetBattleMode_Mode" in 'wbp_Battle_UI'.
Make sure 'wbp_Battle_UI' has been compiled for  Set WidgetBattleMode_Mode 
[2016.01.26-06.41.21:249][  0]LogBlueprint:Warning: [compiler wbp_Battle_UI] Warning Can't connect pins  GameModeWidget  and  Object : This cast has an invalid target type (was the class deleted without a redirect?).
[2016.01.26-06.41.21:256][  0]LogBlueprint:Warning: [compiler wbp_Battle_UI] Warning Can't connect pins  Object  and  GameModeWidget : This cast has an invalid target type (was the class deleted without a redirect?).
[2016.01.26-06.41.21:257][  0]LogBlueprint:Warning: [compiler wbp_Battle_UI] Warning Could not find a variable named "WidgetBattleMode_Mode" in 'wbp_Battle_UI'.
Make sure 'wbp_Battle_UI' has been compiled for  Set WidgetBattleMode_Mode 
[2016.01.26-06.41.21:257][  0]LogBlueprint:Warning: [compiler wbp_Battle_UI] Warning Can't connect pins  GameModeWidget  and  Object : This cast has an invalid target type (was the class deleted without a redirect?).
[2016.01.26-06.41.21:257][  0]LogBlueprint:Warning: [compiler wbp_Battle_UI] Warning Can't connect pins  Object  and  GameModeWidget : This cast has an invalid target type (was the class deleted without a redirect?).
[2016.01.26-06.41.21:257][  0]LogBlueprint:Warning: [compiler wbp_Battle_UI] Warning Can't connect pins  GameModeWidget  and  Object : This cast has an invalid target type (was the class deleted without a redirect?).
[2016.01.26-06.41.21:257][  0]LogBlueprint:Warning: [compiler wbp_Battle_UI] Warning Could not find a variable named "WidgetBattleMode_Mode" in 'wbp_Battle_UI'.
Make sure 'wbp_Battle_UI' has been compiled for  Get WidgetBattleMode_Mode 
[2016.01.26-06.41.21:257][  0]LogBlueprint:Warning: [compiler wbp_Battle_UI] Warning Can't connect pins  Object  and  GameModeWidget : This cast has an invalid target type (was the class deleted without a redirect?).
[2016.01.26-06.41.21:257][  0]LogBlueprint:Warning: [compiler wbp_Battle_UI] Warning Could not find a variable named "WidgetBattleMode_Mode" in 'wbp_Battle_UI'.
Make sure 'wbp_Battle_UI' has been compiled for  Set WidgetBattleMode_Mode 
[2016.01.26-06.41.21:257][  0]LogBlueprint:Warning: [compiler wbp_Battle_UI] Warning Can't connect pins  GameModeWidget  and  Object : This cast has an invalid target type (was the class deleted without a redirect?).
[2016.01.26-06.41.21:259][  0]LogBlueprint:Warning: [compiler wbp_Battle_UI] Warning Can't connect pins  Object  and  GameModeWidget : This cast has an invalid target type (was the class deleted without a redirect?).
[2016.01.26-06.41.21:259][  0]LogBlueprint:Warning: [compiler wbp_Battle_UI] Warning Could not find a variable named "WidgetBattleMode_Mode" in 'wbp_Battle_UI'.
Make sure 'wbp_Battle_UI' has been compiled for  Set WidgetBattleMode_Mode 
[2016.01.26-06.41.21:260][  0]LogBlueprint:Warning: [compiler wbp_Battle_UI] Warning Can't connect pins  GameModeWidget  and  Object : This cast has an invalid target type (was the class deleted without a redirect?).
[2016.01.26-06.41.21:260][  0]LogBlueprint:Warning: [compiler wbp_Battle_UI] Warning Can't connect pins  Object  and  GameModeWidget : This cast has an invalid target type (was the class deleted without a redirect?).
[2016.01.26-06.41.21:260][  0]LogBlueprint:Warning: [compiler wbp_Battle_UI] Warning Can't connect pins  GameModeWidget  and  Object : This cast has an invalid target type (was the class deleted without a redirect?).
[2016.01.26-06.41.21:260][  0]LogBlueprint:Warning: [compiler wbp_Battle_UI] Warning Could not find a variable named "WidgetBattleMode_Mode" in 'wbp_Battle_UI'.
Make sure 'wbp_Battle_UI' has been compiled for  Get WidgetBattleMode_Mode 
[2016.01.26-06.41.21:260][  0]LogBlueprint:Warning: [compiler wbp_Battle_UI] Warning Can't connect pins  Object  and  GameModeWidget : This cast has an invalid target type (was the class deleted without a redirect?).
[2016.01.26-06.41.21:260][  0]LogBlueprint:Warning: [compiler wbp_Battle_UI] Warning Could not find a variable named "WidgetBattleMode_Mode" in 'wbp_Battle_UI'.
Make sure 'wbp_Battle_UI' has been compiled for  Set WidgetBattleMode_Mode 
[2016.01.26-06.41.21:260][  0]LogBlueprint:Warning: [compiler wbp_Battle_UI] Warning Can't connect pins  GameModeWidget  and  Object : This cast has an invalid target type (was the class deleted without a redirect?).
[2016.01.26-06.41.21:262][  0]LogBlueprint:Warning: [compiler wbp_Battle_UI] Warning Can't connect pins  Object  and  GameModeWidget : This cast has an invalid target type (was the class deleted without a redirect?).
[2016.01.26-06.41.21:262][  0]LogBlueprint:Warning: [compiler wbp_Battle_UI] Warning Could not find a variable named "WidgetBattleMode_Mode" in 'wbp_Battle_UI'.
Make sure 'wbp_Battle_UI' has been compiled for  Set WidgetBattleMode_Mode 
[2016.01.26-06.41.21:262][  0]LogBlueprint:Warning: [compiler wbp_Battle_UI] Warning Can't connect pins  GameModeWidget  and  Object : This cast has an invalid target type (was the class deleted without a redirect?).
[2016.01.26-06.41.21:262][  0]LogBlueprint:Warning: [compiler wbp_Battle_UI] Warning Can't connect pins  Object  and  GameModeWidget : This cast has an invalid target type (was the class deleted without a redirect?).
[2016.01.26-06.41.21:262][  0]LogBlueprint:Warning: [compiler wbp_Battle_UI] Warning Can't connect pins  GameModeWidget  and  Object : This cast has an invalid target type (was the class deleted without a redirect?).
[2016.01.26-06.41.21:262][  0]LogBlueprint:Warning: [compiler wbp_Battle_UI] Warning Could not find a variable named "WidgetBattleMode_Mode" in 'wbp_Battle_UI'.
Make sure 'wbp_Battle_UI' has been compiled for  Get WidgetBattleMode_Mode 
[2016.01.26-06.41.21:262][  0]LogBlueprint:Warning: [compiler wbp_Battle_UI] Warning Can't connect pins  Object  and  GameModeWidget : This cast has an invalid target type (was the class deleted without a redirect?).
[2016.01.26-06.41.21:262][  0]LogBlueprint:Warning: [compiler wbp_Battle_UI] Warning Could not find a variable named "WidgetBattleMode_Mode" in 'wbp_Battle_UI'.
Make sure 'wbp_Battle_UI' has been compiled for  Set WidgetBattleMode_Mode 
[2016.01.26-06.41.21:262][  0]LogBlueprint:Warning: [compiler wbp_Battle_UI] Warning Can't connect pins  GameModeWidget  and  Object : This cast has an invalid target type (was the class deleted without a redirect?).
[2016.01.26-06.41.21:266][  0]LogBlueprint:Warning: [compiler wbp_Battle_UI] Warning Can't connect pins  Object  and  GameModeWidget : This cast has an invalid target type (was the class deleted without a redirect?).
[2016.01.26-06.41.21:266][  0]LogBlueprint:Warning: [compiler wbp_Battle_UI] Warning Could not find a variable named "WidgetBattleMode_Mode" in 'wbp_Battle_UI'.
Make sure 'wbp_Battle_UI' has been compiled for  Set WidgetBattleMode_Mode 
[2016.01.26-06.41.21:266][  0]LogBlueprint:Warning: [compiler wbp_Battle_UI] Warning Can't connect pins  GameModeWidget  and  Object : This cast has an invalid target type (was the class deleted without a redirect?).
[2016.01.26-06.41.21:266][  0]LogBlueprint:Warning: [compiler wbp_Battle_UI] Warning Can't connect pins  Object  and  GameModeWidget : This cast has an invalid target type (was the class deleted without a redirect?).
[2016.01.26-06.41.21:266][  0]LogBlueprint:Warning: [compiler wbp_Battle_UI] Warning Can't connect pins  GameModeWidget  and  Object : This cast has an invalid target type (was the class deleted without a redirect?).
[2016.01.26-06.41.21:266][  0]LogBlueprint:Warning: [compiler wbp_Battle_UI] Warning Could not find a variable named "WidgetBattleMode_Mode" in 'wbp_Battle_UI'.
Make sure 'wbp_Battle_UI' has been compiled for  Get WidgetBattleMode_Mode 
[2016.01.26-06.41.21:267][  0]LogBlueprint:Warning: [compiler wbp_Battle_UI] Warning Can't connect pins  Object  and  GameModeWidget : This cast has an invalid target type (was the class deleted without a redirect?).
[2016.01.26-06.41.21:267][  0]LogBlueprint:Warning: [compiler wbp_Battle_UI] Warning Could not find a variable named "WidgetBattleMode_Mode" in 'wbp_Battle_UI'.
Make sure 'wbp_Battle_UI' has been compiled for  Set WidgetBattleMode_Mode 
[2016.01.26-06.41.21:267][  0]LogBlueprint:Warning: [compiler wbp_Battle_UI] Warning Can't connect pins  GameModeWidget  and  Object : This cast has an invalid target type (was the class deleted without a redirect?).
[2016.01.26-06.41.21:268][  0]LogBlueprint:Error: [compiler wbp_Battle_UI] Error This blueprint (self) is not compatible with ' Target ', therefore that pin must have a connection.
[2016.01.26-06.41.21:268][  0]LogBlueprint:Error: [compiler wbp_Battle_UI] Error The property associated with  WidgetBattleMode_Mode  could not be found
[2016.01.26-06.41.21:269][  0]LogBlueprint:Error: [compiler wbp_Battle_UI] Error This blueprint (self) is not compatible with ' Target ', therefore that pin must have a connection.
[2016.01.26-06.41.21:270][  0]LogBlueprint:Error: [compiler wbp_Battle_UI] Error This blueprint (self) is not compatible with ' Target ', therefore that pin must have a connection.
[2016.01.26-06.41.21:270][  0]LogBlueprint:Error: [compiler wbp_Battle_UI] Error This blueprint (self) is not compatible with ' Target ', therefore that pin must have a connection.
[2016.01.26-06.41.21:270][  0]LogBlueprint:Error: [compiler wbp_Battle_UI] Error The property associated with  WidgetBattleMode_Mode  could not be found
[2016.01.26-06.41.21:270][  0]LogBlueprint:Error: [compiler wbp_Battle_UI] Error The property associated with  WidgetBattleMode_Mode  could not be found
[2016.01.26-06.41.21:270][  0]LogBlueprint:Error: [compiler wbp_Battle_UI] Error The property associated with  WidgetBattleMode_Mode  could not be found
[2016.01.26-06.41.21:270][  0]LogBlueprint:Error: [compiler wbp_Battle_UI] Error This blueprint (self) is not compatible with ' Target ', therefore that pin must have a connection.
[2016.01.26-06.41.21:270][  0]LogBlueprint:Error: [compiler wbp_Battle_UI] Error This blueprint (self) is not compatible with ' Target ', therefore that pin must have a connection.
[2016.01.26-06.41.21:270][  0]LogBlueprint:Error: [compiler wbp_Battle_UI] Error This blueprint (self) is not compatible with ' Target ', therefore that pin must have a connection.
[2016.01.26-06.41.21:270][  0]LogBlueprint:Error: [compiler wbp_Battle_UI] Error The property associated with  WidgetBattleMode_Mode  could not be found
[2016.01.26-06.41.21:270][  0]LogBlueprint:Error: [compiler wbp_Battle_UI] Error The property associated with  WidgetBattleMode_Mode  could not be found
[2016.01.26-06.41.21:270][  0]LogBlueprint:Error: [compiler wbp_Battle_UI] Error The property associated with  WidgetBattleMode_Mode  could not be found
[2016.01.26-06.41.21:271][  0]LogBlueprint:Error: [compiler wbp_Battle_UI] Error This blueprint (self) is not compatible with ' Target ', therefore that pin must have a connection.
[2016.01.26-06.41.21:271][  0]LogBlueprint:Error: [compiler wbp_Battle_UI] Error This blueprint (self) is not compatible with ' Target ', therefore that pin must have a connection.
[2016.01.26-06.41.21:271][  0]LogBlueprint:Error: [compiler wbp_Battle_UI] Error This blueprint (self) is not compatible with ' Target ', therefore that pin must have a connection.
[2016.01.26-06.41.21:271][  0]LogBlueprint:Error: [compiler wbp_Battle_UI] Error The property associated with  WidgetBattleMode_Mode  could not be found
[2016.01.26-06.41.21:271][  0]LogBlueprint:Error: [compiler wbp_Battle_UI] Error The property associated with  WidgetBattleMode_Mode  could not be found
[2016.01.26-06.41.21:271][  0]LogBlueprint:Error: [compiler wbp_Battle_UI] Error The property associated with  WidgetBattleMode_Mode  could not be found
[2016.01.26-06.41.21:271][  0]LogBlueprint:Error: [compiler wbp_Battle_UI] Error This blueprint (self) is not compatible with ' Target ', therefore that pin must have a connection.
[2016.01.26-06.41.21:271][  0]LogBlueprint:Error: [compiler wbp_Battle_UI] Error This blueprint (self) is not compatible with ' Target ', therefore that pin must have a connection.
[2016.01.26-06.41.21:271][  0]LogBlueprint:Error: [compiler wbp_Battle_UI] Error This blueprint (self) is not compatible with ' Target ', therefore that pin must have a connection.
[2016.01.26-06.41.21:271][  0]LogBlueprint:Error: [compiler wbp_Battle_UI] Error The property associated with  WidgetBattleMode_Mode  could not be found
[2016.01.26-06.41.21:272][  0]LogBlueprint:Error: [compiler wbp_Battle_UI] Error The property associated with  WidgetBattleMode_Mode  could not be found
[2016.01.26-06.41.21:272][  0]LogBlueprint:Error: [compiler wbp_Battle_UI] Error The property associated with  WidgetBattleMode_Mode  could not be found
[2016.01.26-06.41.21:470][  0]LogAIModule: Creating AISystem for world BattleMap
[2016.01.26-06.41.21:470][  0]LogWorld: Game class is 'BP_BattleGameMode_C'
[2016.01.26-06.41.21:473][  0]LogWorld: Bringing World /Temp/Autosaves/Game/BattleBotsContent/Maps/UEDPCBattleMap.BattleMap up for play (max tick rate 0) at 2016.01.26-00.41.21
[2016.01.26-06.41.21:474][  0]LogWorld: Bringing up level for play took: 0.002921
[2016.01.26-06.41.21:474][  0]LogPathFollowing:Warning: No NavigationData found while trying to cache it for AIController_2's PathFollowingComponent
[2016.01.26-06.41.21:474][  0]LogPathFollowing:Warning: No NavigationData found while trying to cache it for AIController_1's PathFollowingComponent
[2016.01.26-06.41.21:474][  0]LogPathFollowing:Warning: No NavigationData found while trying to cache it for AIController_0's PathFollowingComponent
[2016.01.26-06.41.21:477][  0]LogBlueprintUserMessages: [BP_BattleGameMode_C_0] acquiring: BP_Unit2
[2016.01.26-06.41.21:477][  0]LogBlueprintUserMessages: [BP_BattleGameMode_C_0] acquiring: BP_Unit
[2016.01.26-06.41.21:477][  0]LogInit:Display: Game Engine Initialized.
[2016.01.26-06.41.21:687][  0]LogLoad: Full Startup: 4.41 seconds (BP compile: 0.31 seconds)
[2016.01.26-06.41.21:705][  0]LogOcInput: Can't find Oculus library dev build: is proper Runtime installed? Version: 0.8.0.0
[2016.01.26-06.41.21:808][  2]LogRenderer: Reallocating scene render targets to support 1280x720 (Frame:2).
[2016.01.26-06.41.29:215][458]LogScript:Warning: Accessed None 'CallFunc_BreakHitResult_HitActor2'
	BP_NavController_C /Temp/Autosaves/Game/BattleBotsContent/Maps/UEDPCBattleMap.BattleMap:PersistentLevel.BP_NavController_C_0
	Function /Game/BattleBotsContent/Navigation/BP_NavController.BP_NavController_C:ExecuteUbergraph_BP_NavController:1824
[2016.01.26-06.41.29:224][459]LogScript:Warning: Accessed None 'CallFunc_BreakHitResult_HitActor2'
	BP_NavController_C /Temp/Autosaves/Game/BattleBotsContent/Maps/UEDPCBattleMap.BattleMap:PersistentLevel.BP_NavController_C_0
	Function /Game/BattleBotsContent/Navigation/BP_NavController.BP_NavController_C:ExecuteUbergraph_BP_NavController:1824
[2016.01.26-06.41.29:240][460]LogScript:Warning: Accessed None 'CallFunc_BreakHitResult_HitActor2'
	BP_NavController_C /Temp/Autosaves/Game/BattleBotsContent/Maps/UEDPCBattleMap.BattleMap:PersistentLevel.BP_NavController_C_0
	Function /Game/BattleBotsContent/Navigation/BP_NavController.BP_NavController_C:ExecuteUbergraph_BP_NavController:1824
[2016.01.26-06.41.29:256][461]LogScript:Warning: Accessed None 'CallFunc_BreakHitResult_HitActor2'
	BP_NavController_C /Temp/Autosaves/Game/BattleBotsContent/Maps/UEDPCBattleMap.BattleMap:PersistentLevel.BP_NavController_C_0
	Function /Game/BattleBotsContent/Navigation/BP_NavController.BP_NavController_C:ExecuteUbergraph_BP_NavController:1824
[2016.01.26-06.41.29:272][462]LogScript:Warning: Accessed None 'CallFunc_BreakHitResult_HitActor2'
	BP_NavController_C /Temp/Autosaves/Game/BattleBotsContent/Maps/UEDPCBattleMap.BattleMap:PersistentLevel.BP_NavController_C_0
	Function /Game/BattleBotsContent/Navigation/BP_NavController.BP_NavController_C:ExecuteUbergraph_BP_NavController:1824
[2016.01.26-06.41.29:289][463]LogScript:Warning: Accessed None 'CallFunc_BreakHitResult_HitActor2'
	BP_NavController_C /Temp/Autosaves/Game/BattleBotsContent/Maps/UEDPCBattleMap.BattleMap:PersistentLevel.BP_NavController_C_0
	Function /Game/BattleBotsContent/Navigation/BP_NavController.BP_NavController_C:ExecuteUbergraph_BP_NavController:1824
[2016.01.26-06.41.29:305][464]LogScript:Warning: Accessed None 'CallFunc_BreakHitResult_HitActor2'
	BP_NavController_C /Temp/Autosaves/Game/BattleBotsContent/Maps/UEDPCBattleMap.BattleMap:PersistentLevel.BP_NavController_C_0
	Function /Game/BattleBotsContent/Navigation/BP_NavController.BP_NavController_C:ExecuteUbergraph_BP_NavController:1824
[2016.01.26-06.41.29:321][465]LogScript:Warning: Accessed None 'CallFunc_BreakHitResult_HitActor2'
	BP_NavController_C /Temp/Autosaves/Game/BattleBotsContent/Maps/UEDPCBattleMap.BattleMap:PersistentLevel.BP_NavController_C_0
	Function /Game/BattleBotsContent/Navigation/BP_NavController.BP_NavController_C:ExecuteUbergraph_BP_NavController:1824
[2016.01.26-06.41.29:337][466]LogScript:Warning: Accessed None 'CallFunc_BreakHitResult_HitActor2'
	BP_NavController_C /Temp/Autosaves/Game/BattleBotsContent/Maps/UEDPCBattleMap.BattleMap:PersistentLevel.BP_NavController_C_0
	Function /Game/BattleBotsContent/Navigation/BP_NavController.BP_NavController_C:ExecuteUbergraph_BP_NavController:1824
[2016.01.26-06.41.29:353][467]LogScript:Warning: Accessed None 'CallFunc_BreakHitResult_HitActor2'
	BP_NavController_C /Temp/Autosaves/Game/BattleBotsContent/Maps/UEDPCBattleMap.BattleMap:PersistentLevel.BP_NavController_C_0
	Function /Game/BattleBotsContent/Navigation/BP_NavController.BP_NavController_C:ExecuteUbergraph_BP_NavController:1824
[2016.01.26-06.41.29:369][468]LogScript:Warning: Accessed None 'CallFunc_BreakHitResult_HitActor2'
	BP_NavController_C /Temp/Autosaves/Game/BattleBotsContent/Maps/UEDPCBattleMap.BattleMap:PersistentLevel.BP_NavController_C_0
	Function /Game/BattleBotsContent/Navigation/BP_NavController.BP_NavController_C:ExecuteUbergraph_BP_NavController:1824
[2016.01.26-06.41.29:386][469]LogScript:Warning: Accessed None 'CallFunc_BreakHitResult_HitActor2'
	BP_NavController_C /Temp/Autosaves/Game/BattleBotsContent/Maps/UEDPCBattleMap.BattleMap:PersistentLevel.BP_NavController_C_0
	Function /Game/BattleBotsContent/Navigation/BP_NavController.BP_NavController_C:ExecuteUbergraph_BP_NavController:1824
[2016.01.26-06.41.29:532][478]LogScript:Warning: Cannot access 'BP_HighlighterBlock_C_123'. It is pending kill. Property: 'CallFunc_Array_Get_Item'
	BP_NavController_C /Temp/Autosaves/Game/BattleBotsContent/Maps/UEDPCBattleMap.BattleMap:PersistentLevel.BP_NavController_C_0
	Function /Game/BattleBotsContent/Navigation/BP_NavController.BP_NavController_C:ExecuteUbergraph_BP_NavController:09E6
[2016.01.26-06.41.29:564][480]LogScript:Warning: Cannot access 'BP_HighlighterBlock_C_123'. It is pending kill. Property: 'CallFunc_Array_Get_Item'
	BP_NavController_C /Temp/Autosaves/Game/BattleBotsContent/Maps/UEDPCBattleMap.BattleMap:PersistentLevel.BP_NavController_C_0
	Function /Game/BattleBotsContent/Navigation/BP_NavController.BP_NavController_C:ExecuteUbergraph_BP_NavController:09E6
[2016.01.26-06.41.29:564][480]LogScript:Warning: Cannot access 'BP_HighlighterBlock_C_124'. It is pending kill. Property: 'CallFunc_Array_Get_Item'
	BP_NavController_C /Temp/Autosaves/Game/BattleBotsContent/Maps/UEDPCBattleMap.BattleMap:PersistentLevel.BP_NavController_C_0
	Function /Game/BattleBotsContent/Navigation/BP_NavController.BP_NavController_C:ExecuteUbergraph_BP_NavController:09E6
[2016.01.26-06.41.29:595][482]LogScript:Warning: Cannot access 'BP_HighlighterBlock_C_123'. It is pending kill. Property: 'CallFunc_Array_Get_Item'
	BP_NavController_C /Temp/Autosaves/Game/BattleBotsContent/Maps/UEDPCBattleMap.BattleMap:PersistentLevel.BP_NavController_C_0
	Function /Game/BattleBotsContent/Navigation/BP_NavController.BP_NavController_C:ExecuteUbergraph_BP_NavController:09E6
[2016.01.26-06.41.29:595][482]LogScript:Warning: Cannot access 'BP_HighlighterBlock_C_124'. It is pending kill. Property: 'CallFunc_Array_Get_Item'
	BP_NavController_C /Temp/Autosaves/Game/BattleBotsContent/Maps/UEDPCBattleMap.BattleMap:PersistentLevel.BP_NavController_C_0
	Function /Game/BattleBotsContent/Navigation/BP_NavController.BP_NavController_C:ExecuteUbergraph_BP_NavController:09E6
[2016.01.26-06.41.31:950][628]LogBlueprintUserMessages: [BP_NavController_C_0] Link
[2016.01.26-06.41.31:951][628]LogBlueprintUserMessages: [BP_NavController_C_0] BP_Unit2
[2016.01.26-06.41.34:549][789]LogBlueprintUserMessages: [BP_NavController_C_0] Link
[2016.01.26-06.41.34:549][789]LogBlueprintUserMessages: [BP_NavController_C_0] BP_Unit2
[2016.01.26-06.41.46:616][537]LogBlueprintUserMessages: [BP_NavController_C_0] Link
[2016.01.26-06.41.46:616][537]LogBlueprintUserMessages: [BP_NavController_C_0] BP_Unit2
[2016.01.26-06.41.49:037][687]LogBlueprintUserMessages: [BP_NavController_C_0] SKILL One: 
[2016.01.26-06.41.49:037][687]LogBlueprintUserMessages: [BP_NavController_C_0] BP_Unit3
[2016.01.26-06.41.50:285][758]LogWindowsTextInputMethodSystem:Display: IME system now deactivated.
[2016.01.26-06.41.50:287][758]LogEngine: All Windows Closed
[2016.01.26-06.41.50:287][758]LogWindows: FPlatformMisc::RequestExit(0)
[2016.01.26-06.41.51:204][759]LogExit: Preparing to exit.
[2016.01.26-06.41.51:353][759]LogExit: Game engine shut down
[2016.01.26-06.41.51:354][759]LogParticles: Destroying 0 GPU particle simulations for FXSystem 0x00000052C5F02340
[2016.01.26-06.41.51:513][759]LogExit: Object subsystem successfully closed.
[2016.01.26-06.41.51:530][759]LogD3D11RHI: Shutdown
[2016.01.26-06.41.51:530][759]LogD3D11RHI: CleanupD3DDevice
[2016.01.26-06.41.51:568][759]LogD3D11RHI: ~FD3D11DynamicRHI
[2016.01.26-06.41.51:577][759]LogModuleManager: Shutting down and abandoning module AndroidDeviceDetection (118)
[2016.01.26-06.41.51:711][759]LogModuleManager: Shutting down and abandoning module AutomationController (117)
[2016.01.26-06.41.51:711][759]LogModuleManager: Shutting down and abandoning module AutomationWorker (116)
[2016.01.26-06.41.51:711][759]LogModuleManager: Shutting down and abandoning module CharacterAI (115)
[2016.01.26-06.41.51:711][759]LogModuleManager: Shutting down and abandoning module AITestSuite (114)
[2016.01.26-06.41.51:711][759]LogModuleManager: Shutting down and abandoning module GameplayDebugger (113)
[2016.01.26-06.41.51:711][759]LogModuleManager: Shutting down and abandoning module AIModule (112)
[2016.01.26-06.41.51:711][759]LogModuleManager: Shutting down and abandoning module AssetRegistry (111)
[2016.01.26-06.41.51:711][759]LogModuleManager: Shutting down and abandoning module MovieSceneCapture (110)
[2016.01.26-06.41.51:711][759]LogModuleManager: Shutting down and abandoning module GameLiveStreaming (109)
[2016.01.26-06.41.51:711][759]LogModuleManager: Shutting down and abandoning module StreamingPauseRendering (108)
[2016.01.26-06.41.51:711][759]LogModuleManager: Shutting down and abandoning module ProfilerService (107)
[2016.01.26-06.41.51:945][759]LogModuleManager: Shutting down and abandoning module TaskGraph (106)
[2016.01.26-06.41.51:945][759]LogModuleManager: Shutting down and abandoning module SlateRemote (105)
[2016.01.26-06.41.51:945][759]LogModuleManager: Shutting down and abandoning module SteamVRController (104)
[2016.01.26-06.41.51:945][759]LogModuleManager: Shutting down and abandoning module SteamVR (103)
[2016.01.26-06.41.51:945][759]LogModuleManager: Shutting down and abandoning module ProceduralMeshComponent (102)
[2016.01.26-06.41.51:945][759]LogModuleManager: Shutting down and abandoning module OculusLibrary (101)
[2016.01.26-06.41.51:945][759]LogModuleManager: Shutting down and abandoning module OculusInput (100)
[2016.01.26-06.41.51:945][759]LogModuleManager: Shutting down and abandoning module LeapMotionController (99)
[2016.01.26-06.41.51:958][759]LogModuleManager: Shutting down and abandoning module CustomMeshComponent (98)
[2016.01.26-06.41.51:958][759]LogModuleManager: Shutting down and abandoning module CableComponent (97)
[2016.01.26-06.41.51:958][759]LogModuleManager: Shutting down and abandoning module ArchVisCharacter (96)
[2016.01.26-06.41.51:958][759]LogModuleManager: Shutting down and abandoning module HTML5Networking (95)
[2016.01.26-06.41.51:958][759]LogModuleManager: Shutting down and abandoning module DesktopPlatform (94)
[2016.01.26-06.41.51:958][759]LogModuleManager: Shutting down and abandoning module DirectoryWatcher (93)
[2016.01.26-06.41.51:958][759]LogModuleManager: Shutting down and abandoning module HotReload (92)
[2016.01.26-06.41.51:958][759]LogModuleManager: Shutting down and abandoning module VisualStudioSourceCodeAccess (91)
[2016.01.26-06.41.51:958][759]LogModuleManager: Shutting down and abandoning module UObjectPlugin (90)
[2016.01.26-06.41.51:958][759]LogModuleManager: Shutting down and abandoning module SubversionSourceControl (89)
[2016.01.26-06.41.51:958][759]LogModuleManager: Shutting down and abandoning module SourceControl (88)
[2016.01.26-06.41.51:958][759]LogModuleManager: Shutting down and abandoning module PerforceSourceControl (87)
[2016.01.26-06.41.51:958][759]LogModuleManager: Shutting down and abandoning module UdpMessaging (86)
[2016.01.26-06.41.51:958][759]LogModuleManager: Shutting down and abandoning module LightPropagationVolumeRuntime (85)
[2016.01.26-06.41.51:959][759]LogModuleManager: Shutting down and abandoning module Paper2D (84)
[2016.01.26-06.41.51:959][759]LogModuleManager: Shutting down and abandoning module WindowsMoviePlayer (83)
[2016.01.26-06.41.51:963][759]LogModuleManager: Shutting down and abandoning module Media (82)
[2016.01.26-06.41.51:963][759]LogModuleManager: Shutting down and abandoning module WmfMedia (81)
[2016.01.26-06.41.51:964][759]LogModuleManager: Shutting down and abandoning module OnlineBlueprintSupport (80)
[2016.01.26-06.41.51:964][759]LogModuleManager: Shutting down and abandoning module GameplayTasksEditor (79)
[2016.01.26-06.41.51:964][759]LogModuleManager: Shutting down and abandoning module PropertyEditor (78)
[2016.01.26-06.41.51:964][759]LogModuleManager: Shutting down and abandoning module BehaviorTreeEditor (77)
[2016.01.26-06.41.51:964][759]LogModuleManager: Shutting down and abandoning module FunctionalTesting (76)
[2016.01.26-06.41.51:964][759]LogModuleManager: Shutting down and abandoning module CollisionAnalyzer (75)
[2016.01.26-06.41.51:964][759]LogModuleManager: Shutting down and abandoning module WorkspaceMenuStructure (74)
[2016.01.26-06.41.51:964][759]LogModuleManager: Shutting down and abandoning module MessageLog (73)
[2016.01.26-06.41.51:964][759]LogModuleManager: Shutting down and abandoning module Sequencer (72)
[2016.01.26-06.41.51:964][759]LogModuleManager: Shutting down and abandoning module AssetTools (71)
[2016.01.26-06.41.51:964][759]LogModuleManager: Shutting down and abandoning module UMGEditor (70)
[2016.01.26-06.41.51:964][759]LogModuleManager: Shutting down and abandoning module UMG (69)
[2016.01.26-06.41.51:964][759]LogModuleManager: Shutting down and abandoning module Slate (68)
[2016.01.26-06.41.51:964][759]LogModuleManager: Shutting down and abandoning module EditorStyle (67)
[2016.01.26-06.41.51:965][759]LogModuleManager: Shutting down and abandoning module SessionServices (66)
[2016.01.26-06.41.51:965][759]LogModuleManager: Shutting down and abandoning module SourceCodeAccess (65)
[2016.01.26-06.41.51:965][759]LogModuleManager: Shutting down and abandoning module HeadMountedDisplay (64)
[2016.01.26-06.41.51:965][759]LogModuleManager: Shutting down and abandoning module XAudio2 (63)
[2016.01.26-06.41.51:965][759]LogModuleManager: Shutting down and abandoning module Networking (61)
[2016.01.26-06.41.51:965][759]LogModuleManager: Shutting down and abandoning module Core (60)
[2016.01.26-06.41.51:965][759]LogModuleManager: Shutting down and abandoning module KismetCompiler (59)
[2016.01.26-06.41.51:965][759]LogModuleManager: Shutting down and abandoning module PhysXFormats (58)
[2016.01.26-06.41.51:965][759]LogModuleManager: Shutting down and abandoning module MeshUtilities (57)
[2016.01.26-06.41.51:965][759]LogModuleManager: Shutting down and abandoning module DerivedDataCache (56)
[2016.01.26-06.41.52:278][759]LogDerivedDataCache: Shutdown
[2016.01.26-06.41.52:278][759]LogModuleManager: Shutting down and abandoning module ShaderFormatOpenGL (55)
[2016.01.26-06.41.52:278][759]LogModuleManager: Shutting down and abandoning module ShaderFormatD3D (54)
[2016.01.26-06.41.52:278][759]LogModuleManager: Shutting down and abandoning module MetalShaderFormat (53)
[2016.01.26-06.41.52:278][759]LogModuleManager: Shutting down and abandoning module TextureFormatUncompressed (52)
[2016.01.26-06.41.52:278][759]LogModuleManager: Shutting down and abandoning module TextureFormatPVR (51)
[2016.01.26-06.41.52:278][759]LogModuleManager: Shutting down and abandoning module TextureFormatIntelISPCTexComp (50)
[2016.01.26-06.41.52:278][759]LogModuleManager: Shutting down and abandoning module TextureFormatDXT (49)
[2016.01.26-06.41.52:278][759]LogModuleManager: Shutting down and abandoning module ImageWrapper (48)
[2016.01.26-06.41.52:278][759]LogModuleManager: Shutting down and abandoning module TextureFormatASTC (47)
[2016.01.26-06.41.52:278][759]LogModuleManager: Shutting down and abandoning module TextureFormatAndroid (46)
[2016.01.26-06.41.52:278][759]LogModuleManager: Shutting down and abandoning module AudioFormatOpus (45)
[2016.01.26-06.41.52:278][759]LogModuleManager: Shutting down and abandoning module AudioFormatOgg (44)
[2016.01.26-06.41.52:278][759]LogModuleManager: Shutting down and abandoning module AudioFormatADPCM (43)
[2016.01.26-06.41.52:278][759]LogModuleManager: Shutting down and abandoning module LinuxTargetPlatform (42)
[2016.01.26-06.41.52:278][759]LogModuleManager: Shutting down and abandoning module LinuxServerTargetPlatform (41)
[2016.01.26-06.41.52:278][759]LogModuleManager: Shutting down and abandoning module LinuxNoEditorTargetPlatform (40)
[2016.01.26-06.41.52:278][759]LogModuleManager: Shutting down and abandoning module Messaging (39)
[2016.01.26-06.41.52:278][759]LogModuleManager: Shutting down and abandoning module IOSTargetPlatform (38)
[2016.01.26-06.41.52:278][759]LogModuleManager: Shutting down and abandoning module HTML5TargetPlatform (37)
[2016.01.26-06.41.52:278][759]LogModuleManager: Shutting down and abandoning module Android_PVRTCTargetPlatform (36)
[2016.01.26-06.41.52:278][759]LogModuleManager: Shutting down and abandoning module Android_MultiTargetPlatform (35)
[2016.01.26-06.41.52:278][759]LogModuleManager: Shutting down and abandoning module Android_ETC2TargetPlatform (34)
[2016.01.26-06.41.52:278][759]LogModuleManager: Shutting down and abandoning module Android_ETC1TargetPlatform (33)
[2016.01.26-06.41.52:278][759]LogModuleManager: Shutting down and abandoning module Android_DXTTargetPlatform (32)
[2016.01.26-06.41.52:278][759]LogModuleManager: Shutting down and abandoning module Android_ATCTargetPlatform (31)
[2016.01.26-06.41.52:278][759]LogModuleManager: Shutting down and abandoning module Android_ASTCTargetPlatform (30)
[2016.01.26-06.41.52:278][759]LogModuleManager: Shutting down and abandoning module AndroidTargetPlatform (29)
[2016.01.26-06.41.52:278][759]LogModuleManager: Shutting down and abandoning module WindowsTargetPlatform (28)
[2016.01.26-06.41.52:278][759]LogModuleManager: Shutting down and abandoning module WindowsServerTargetPlatform (27)
[2016.01.26-06.41.52:278][759]LogModuleManager: Shutting down and abandoning module WindowsNoEditorTargetPlatform (26)
[2016.01.26-06.41.52:278][759]LogModuleManager: Shutting down and abandoning module WindowsClientTargetPlatform (25)
[2016.01.26-06.41.52:278][759]LogModuleManager: Shutting down and abandoning module AllDesktopTargetPlatform (24)
[2016.01.26-06.41.52:278][759]LogModuleManager: Shutting down and abandoning module TargetPlatform (23)
[2016.01.26-06.41.52:278][759]LogModuleManager: Shutting down and abandoning module InputCore (22)
[2016.01.26-06.41.52:278][759]LogModuleManager: Shutting down and abandoning module Settings (21)
[2016.01.26-06.41.52:278][759]LogModuleManager: Shutting down and abandoning module OnlineSubsystem (19)
[2016.01.26-06.41.52:278][759]LogModuleManager: Shutting down and abandoning module HTTP (18)
[2016.01.26-06.41.52:278][759]LogModuleManager: Shutting down and abandoning module XMPP (17)
[2016.01.26-06.41.52:278][759]LogModuleManager: Shutting down and abandoning module OculusRift (16)
[2016.01.26-06.41.52:278][759]LogModuleManager: Shutting down and abandoning module ExampleDeviceProfileSelector (15)
[2016.01.26-06.41.52:278][759]LogModuleManager: Shutting down and abandoning module TextureCompressor (14)
[2016.01.26-06.41.52:278][759]LogModuleManager: Shutting down and abandoning module ShaderCore (13)
[2016.01.26-06.41.52:278][759]LogModuleManager: Shutting down and abandoning module Landscape (12)
[2016.01.26-06.41.52:278][759]LogModuleManager: Shutting down and abandoning module SlateRHIRenderer (11)
[2016.01.26-06.41.52:279][759]LogModuleManager: Shutting down and abandoning module OpenGLDrv (10)
[2016.01.26-06.41.52:279][759]LogModuleManager: Shutting down and abandoning module D3D11RHI (9)
[2016.01.26-06.41.52:279][759]LogModuleManager: Shutting down and abandoning module AnimGraphRuntime (8)
[2016.01.26-06.41.52:279][759]LogModuleManager: Shutting down and abandoning module Renderer (7)
[2016.01.26-06.41.52:279][759]LogModuleManager: Shutting down and abandoning module Engine (6)
[2016.01.26-06.41.52:279][759]LogModuleManager: Shutting down and abandoning module CoreUObject (5)
[2016.01.26-06.41.52:279][759]LogModuleManager: Shutting down and abandoning module NetworkFile (4)
[2016.01.26-06.41.52:279][759]LogModuleManager: Shutting down and abandoning module StreamingFile (3)
[2016.01.26-06.41.52:279][759]LogModuleManager: Shutting down and abandoning module SandboxFile (2)
[2016.01.26-06.41.52:279][759]LogModuleManager: Shutting down and abandoning module PakFile (1)
[2016.01.26-06.41.52:279][759]LogExit: Exiting.
[2016.01.26-06.41.52:281][759]Log file closed, 01/26/16 00:41:52
