Log file open, 04/20/16 13:59:48
LogInit:Display: Running engine for game: BattleBots
LogPlatformFile: Not using cached read wrapper
LogInit:Display: RandInit(-225892753) SRandInit(-225892752).
LogTaskGraph: Started task graph with 4 named threads and 7 total threads.
LogStats: Stats thread started at 0.181285
LogConfig:Warning: Failed to saved backup for config[Engine]
LogConfig:Warning: Failed to saved backup for config[Game]
LogConfig:Warning: Failed to saved backup for config[Input]
LogConfig:Warning: Failed to saved backup for config[Editor]
LogConfig:Warning: Failed to saved backup for config[EditorPerProjectUserSettings]
LogConfig:Warning: Failed to saved backup for config[EditorSettings]
LogConfig:Warning: Failed to saved backup for config[EditorLayout]
LogConfig:Warning: Failed to saved backup for config[EditorKeyBindings]
LogConfig:Warning: Failed to saved backup for config[Compat]
LogConfig:Warning: Failed to saved backup for config[Lightmass]
LogConfig:Warning: Failed to saved backup for config[Scalability]
LogConfig:Warning: Failed to saved backup for config[GameUserSettings]
[2016.04.20-18.59.48:517][  0]LogInit: Version: 4.10.4-2872498+++depot+UE4-Releases+4.10
[2016.04.20-18.59.48:517][  0]LogInit: API Version: 2758231
[2016.04.20-18.59.48:517][  0]LogInit: Compiled (64-bit): Feb 18 2016 15:47:04
[2016.04.20-18.59.48:517][  0]LogInit: Compiled with Visual C++: 19.00.23026.00
[2016.04.20-18.59.48:517][  0]LogInit: Build Configuration: Development
[2016.04.20-18.59.48:517][  0]LogInit: Branch Name: ++depot+UE4-Releases+4.10
[2016.04.20-18.59.48:517][  0]LogInit: Command line:  
[2016.04.20-18.59.48:517][  0]LogInit: Base directory: C:/Program Files (x86)/Epic Games/4.10/Engine/Binaries/Win64/
[2016.04.20-18.59.48:517][  0]LogInit: Rocket: 1
[2016.04.20-18.59.48:721][  0]LogInit: Using libcurl 7.41.0
[2016.04.20-18.59.48:721][  0]LogInit:  - built for x86_64-pc-win32
[2016.04.20-18.59.48:722][  0]LogInit:  - supports SSL with WinSSL
[2016.04.20-18.59.48:722][  0]LogInit:  - other features:
[2016.04.20-18.59.48:722][  0]LogInit:      CURL_VERSION_SSL
[2016.04.20-18.59.48:722][  0]LogInit:      CURL_VERSION_IPV6
[2016.04.20-18.59.48:722][  0]LogInit:      CURL_VERSION_ASYNCHDNS
[2016.04.20-18.59.48:722][  0]LogInit:      CURL_VERSION_LARGEFILE
[2016.04.20-18.59.48:722][  0]LogInit:      CURL_VERSION_IDN
[2016.04.20-18.59.48:722][  0]LogInit:  CurlRequestOptions (configurable via config and command line):
[2016.04.20-18.59.48:722][  0]LogInit:  - bVerifyPeer = true  - Libcurl will verify peer certificate
[2016.04.20-18.59.48:722][  0]LogInit:  - bUseHttpProxy = false  - Libcurl will NOT use HTTP proxy
[2016.04.20-18.59.48:722][  0]LogInit:  - bDontReuseConnections = false  - Libcurl will reuse connections
[2016.04.20-18.59.48:722][  0]LogInit:  - CertBundlePath = nullptr  - Libcurl will use whatever was configured at build time.
[2016.04.20-18.59.48:758][  0]LogInit: Presizing for 0 objects not considered by GC, pre-allocating 0 bytes.
[2016.04.20-18.59.48:764][  0]LogInit: Object subsystem initialized
[2016.04.20-18.59.48:765][  0]LogInit: Selected Device Profile: [Windows]
[2016.04.20-18.59.48:765][  0]LogInit: Applying CVar settings loaded from the selected device profile: [Windows]
[2016.04.20-18.59.48:803][  0]LogConfig:Warning: Failed to saved backup for config[DeviceProfiles]
[2016.04.20-18.59.48:812][  0]LogInit: Computer: MSI
[2016.04.20-18.59.48:812][  0]LogInit: User: WillNations
[2016.04.20-18.59.48:812][  0]LogInit: CPU Page size=4096, Cores=4
[2016.04.20-18.59.48:812][  0]LogInit: High frequency timer resolution =2.531252 MHz
[2016.04.20-18.59.48:812][  0]LogMemory: Memory total: Physical=15.9GB (16GB approx)
[2016.04.20-18.59.48:812][  0]LogMemory: Platform Memory Stats for Windows
[2016.04.20-18.59.48:812][  0]LogMemory: Process Physical Memory: 56.06 MB used, 56.06 MB peak
[2016.04.20-18.59.48:812][  0]LogMemory: Process Virtual Memory: 56.78 MB used, 56.78 MB peak
[2016.04.20-18.59.48:812][  0]LogMemory: Physical Memory: 5107.63 MB used, 16296.30 MB total
[2016.04.20-18.59.48:812][  0]LogMemory: Virtual Memory: 382.86 MB used, 134217728.00 MB total
[2016.04.20-18.59.49:318][  0]LogTextLocalizationManager: No specific translations for ('en-US') exist, so ('en') translations will be used.
[2016.04.20-18.59.49:843][  0]LogD3D11RHI: Found D3D11 adapter 0: NVIDIA GeForce GTX 970M              (Feature Level 11_0)
[2016.04.20-18.59.49:843][  0]LogD3D11RHI: Adapter has 2991MB of dedicated video memory, 0MB of dedicated system memory, and 8148MB of shared system memory, 1 output[s]
[2016.04.20-18.59.49:850][  0]LogD3D11RHI: Found D3D11 adapter 1: Intel(R) HD Graphics 530 (Feature Level 11_0)
[2016.04.20-18.59.49:850][  0]LogD3D11RHI: Adapter has 128MB of dedicated video memory, 0MB of dedicated system memory, and 8148MB of shared system memory, 0 output[s]
[2016.04.20-18.59.49:851][  0]LogD3D11RHI: Found D3D11 adapter 2: Microsoft Basic Render Driver (Feature Level 11_0)
[2016.04.20-18.59.49:851][  0]LogD3D11RHI: Adapter has 0MB of dedicated video memory, 0MB of dedicated system memory, and 8148MB of shared system memory, 0 output[s]
[2016.04.20-18.59.49:851][  0]LogD3D11RHI: Chosen D3D11 Adapter Id = 0
[2016.04.20-18.59.49:857][  0]LogD3D11RHI: !Direct3DDevice
[2016.04.20-18.59.49:857][  0]LogRHI: Texture pool is 1361 MB (70% of 1945 MB)
[2016.04.20-18.59.49:875][  0]LogD3D11RHI: Async texture creation enabled
[2016.04.20-18.59.49:887][  0]LogShaderCompilers: Guid format shader working directory is -10 characters bigger than the processId version (D:/Source/Perforce/GameDesignCapstone/BattleBots/BattleBots/Intermediate/Shaders/WorkingDirectory/5484/).
[2016.04.20-18.59.49:887][  0]LogShaderCompilers: Cleaned the shader compiler working directory 'C:/Users/WILLNA~1/AppData/Local/Temp/UnrealShaderWorkingDir/EECD89394503552D016ABC86C5DB1CBC/'.
[2016.04.20-18.59.49:888][  0]LogShaderCompilers:Display: Using Local Shader Compiler.
[2016.04.20-18.59.51:609][  0]LogTemp:Display: Loaded TP AllDesktopTargetPlatform
[2016.04.20-18.59.51:614][  0]LogTemp:Display: Loaded TP WindowsClientTargetPlatform
[2016.04.20-18.59.51:621][  0]LogTemp:Display: Loaded TP WindowsNoEditorTargetPlatform
[2016.04.20-18.59.51:626][  0]LogTemp:Display: Loaded TP WindowsServerTargetPlatform
[2016.04.20-18.59.51:632][  0]LogTemp:Display: Loaded TP WindowsTargetPlatform
[2016.04.20-18.59.51:638][  0]LogTemp:Display: Loaded TP AndroidTargetPlatform
[2016.04.20-18.59.51:643][  0]LogTemp:Display: Loaded TP Android_ASTCTargetPlatform
[2016.04.20-18.59.51:646][  0]LogTemp:Display: Loaded TP Android_ATCTargetPlatform
[2016.04.20-18.59.51:649][  0]LogTemp:Display: Loaded TP Android_DXTTargetPlatform
[2016.04.20-18.59.51:652][  0]LogTemp:Display: Loaded TP Android_ETC1TargetPlatform
[2016.04.20-18.59.51:656][  0]LogTemp:Display: Loaded TP Android_ETC2TargetPlatform
[2016.04.20-18.59.51:662][  0]LogTemp:Display: Loaded TP Android_MultiTargetPlatform
[2016.04.20-18.59.51:662][  0]LogTemp:Display: Loaded TP Android_PVRTCTargetPlatform
[2016.04.20-18.59.51:663][  0]LogTemp:Display: Loaded TP HTML5TargetPlatform
[2016.04.20-18.59.51:706][  0]LogTemp:Display: Loaded TP IOSTargetPlatform
[2016.04.20-18.59.51:709][  0]LogTemp:Display: Loaded TP LinuxNoEditorTargetPlatform
[2016.04.20-18.59.51:711][  0]LogTemp:Display: Loaded TP LinuxServerTargetPlatform
[2016.04.20-18.59.51:717][  0]LogTemp:Display: Loaded TP LinuxTargetPlatform
[2016.04.20-18.59.51:717][  0]LogTargetPlatformManager:Display: Building Assets For Windows
[2016.04.20-18.59.52:018][  0]LogDerivedDataCache:Display: Max Cache Size: 512 MB
[2016.04.20-18.59.52:194][  0]LogDerivedDataCache: Loaded boot cache 0.18s 41MB C:/Users/Will Nations/AppData/Local/UnrealEngine/4.10/DerivedDataCache/Boot.ddc.
[2016.04.20-18.59.52:194][  0]LogDerivedDataCache:Display: Loaded Boot cache: C:/Users/Will Nations/AppData/Local/UnrealEngine/4.10/DerivedDataCache/Boot.ddc
[2016.04.20-18.59.52:195][  0]LogDerivedDataCache: FDerivedDataBackendGraph:  Pak pak cache file D:/Source/Perforce/GameDesignCapstone/BattleBots/BattleBots/DerivedDataCache/DDC.ddp not found, will not use a pak cache.
[2016.04.20-18.59.52:195][  0]LogDerivedDataCache: Unable to find inner node Pak for hierarchical cache Hierarchy.
[2016.04.20-18.59.52:195][  0]LogDerivedDataCache: FDerivedDataBackendGraph:  CompressedPak pak cache file D:/Source/Perforce/GameDesignCapstone/BattleBots/BattleBots/DerivedDataCache/Compressed.ddp not found, will not use a pak cache.
[2016.04.20-18.59.52:195][  0]LogDerivedDataCache: Unable to find inner node CompressedPak for hierarchical cache Hierarchy.
[2016.04.20-18.59.52:276][  0]LogDerivedDataCache:Display: Pak cache opened for reading ../../../Engine/DerivedDataCache/Compressed.ddp.
[2016.04.20-18.59.52:289][  0]LogDerivedDataCache: Using Local data cache path C:/Users/Will Nations/AppData/Local/UnrealEngine/Common/DerivedDataCache: Writable
[2016.04.20-18.59.55:524][  0]LogInit: Selected Device Profile: [Windows]
[2016.04.20-18.59.55:539][  0]LogContentStreaming: Texture pool size is 0.000000MB
[2016.04.20-18.59.55:684][  0]LogConfig:Warning: Failed to saved backup for config[TemplateDefs]
[2016.04.20-18.59.55:690][  0]LogConfig:Warning: Failed to saved backup for config[GameplayTags]
[2016.04.20-18.59.55:799][  0]LogMeshUtilities: No automatic mesh reduction module available
[2016.04.20-18.59.55:799][  0]LogMeshUtilities: No automatic mesh merging module available
[2016.04.20-18.59.56:540][  0]LogInit: WinSock: version 1.1 (2.2), MaxSocks=32767, MaxUdp=65467
[2016.04.20-18.59.59:887][  0]UdpMessaging: Initializing bridge on interface 0.0.0.0:0 to multicast group 230.0.0.1:6666.
[2016.04.20-19.00.00:066][  0]LogAssetRegistry: FAssetRegistry took 0.0132 seconds to start up
[2016.04.20-19.00.00:107][  0]LogConfig:Warning: Failed to saved backup for config[InternationalizationExport]
[2016.04.20-19.00.00:109][  0]LogConfig:Warning: Failed to saved backup for config[TranslationPickerSettings]
[2016.04.20-19.00.00:426][  0]LogConfig:Warning: Failed to saved backup for config[SourceControlSettings]
[2016.04.20-19.00.00:430][  0]LogConfig:Warning: Failed to saved backup for config[SourceControlSettings]
[2016.04.20-19.00.00:431][  0]SourceControl: Info Source control is disabled
[2016.04.20-19.00.00:434][  0]SourceControl: Info Source control is disabled
[2016.04.20-19.00.00:921][  0]LogObj: 28633 objects as part of root set at end of initial load.
[2016.04.20-19.00.00:921][  0]LogUObjectAllocator: 6099744 out of 0 bytes used by permanent object pool.
[2016.04.20-19.00.01:055][  0]LogEngine: Initializing Engine...
[2016.04.20-19.00.01:060][  0]LogHMD: Can't find Oculus library dev build: is proper Runtime installed? Version: 0.8.0.0
[2016.04.20-19.00.01:075][  0]LogHMD: SteamVR failed to initialize.  Err: 110
[2016.04.20-19.00.01:369][  0]LogAIModule: Creating AISystem for world NewWorld
[2016.04.20-19.00.01:390][  0]LogInit: XAudio2 using 'Speakers (Realtek High Definition Audio)' : 8 channels at 48 kHz using 32 bits per sample (channel mask 0x63f)
[2016.04.20-19.00.01:864][  0]LogInit: FAudioDevice initialized.
[2016.04.20-19.00.01:886][  0]LogDerivedDataCache: Saved boot cache 0.02s 41MB C:/Users/Will Nations/AppData/Local/UnrealEngine/4.10/DerivedDataCache/Boot.ddc.
[2016.04.20-19.00.01:904][  0]LogInit: Texture streaming: Enabled
[2016.04.20-19.00.01:913][  0]LogAnalytics: Creating configured Analytics provider AnalyticsET
[2016.04.20-19.00.01:914][  0]LogAnalytics: [UEEditor.Rocket.Release] APIServer = http://et2.epicgames.com/ET2/. AppVersion = 4.10.4-2872498+++depot+UE4-Releases+4.10
[2016.04.20-19.00.01:914][  0]LogAnalytics: [UEEditor.Rocket.Release] SetUserId eb35f8c243ed2f1109e96cbc1988804b|d561d110ed77453aad9a9574d4009d80|aa638874-4eff-432e-8efd-912470b4b168
[2016.04.20-19.00.01:915][  0]LogAnalytics: [UEEditor.Rocket.Release] AnalyticsET::StartSession
[2016.04.20-19.00.02:014][  0]LogInit: Transaction tracking system initialized
[2016.04.20-19.00.02:073][  0]BlueprintLog: New page: Editor Load
[2016.04.20-19.00.02:270][  0]LogConfig:Warning: Failed to saved backup for config[LocalizationServiceSettings]
[2016.04.20-19.00.02:272][  0]LogConfig:Warning: Failed to saved backup for config[LocalizationServiceSettings]
[2016.04.20-19.00.02:272][  0]LocalizationService: Info Localization service is disabled
[2016.04.20-19.00.02:467][  0]LogLinker:Warning: Can't find file '/Game/TopDownBP/TopDownOverview'
[2016.04.20-19.00.02:467][  0]LogLinker:Warning: Can't find file '/Game/TopDownBP/TopDownOverview'
[2016.04.20-19.00.02:467][  0]LogUObjectGlobals:Warning: Failed to find object 'Class /Game/TopDownBP/TopDownOverview.TopDownOverview_C'
[2016.04.20-19.00.02:592][  0]LogConsoleResponse:Display: 
[2016.04.20-19.00.02:815][  0]LogCook:Display: Done creating registry. It took  0.00s.
[2016.04.20-19.00.04:578][  0]LogFileCache: Scanning file cache for directory 'D:/Source/Perforce/GameDesignCapstone/BattleBots/BattleBots/Content/' took 0.02s
[2016.04.20-19.00.04:580][  0]Cmd: MAP LOAD FILE="D:/Source/Perforce/GameDesignCapstone/BattleBots/BattleBots/Content/BattleBotsContent/Maps/BattleMap.umap" TEMPLATE=0 SHOWPROGRESS=1 FEATURELEVEL=3
[2016.04.20-19.00.04:581][  0]LightingResults: New page: Lighting Build
[2016.04.20-19.00.04:593][  0]MapCheck: New page: Map Check
[2016.04.20-19.00.04:593][  0]LightingResults: New page: Lighting Build
[2016.04.20-19.00.04:629][  0]LogParticles: Destroying 0 GPU particle simulations for FXSystem 0x000001B0A8502160
[2016.04.20-19.00.11:039][  0]LogLinker:Warning: CreateExport: Failed to load Parent for Function /Game/BattleBotsContent/Skills/Effects/BP_EffectGravityWell.BP_EffectGravityWell_C:Apply; removing parent information, but keeping function
[2016.04.20-19.00.11:071][  0]LogLinker:Warning: CreateExport: Failed to load Parent for Function /Game/BattleBotsContent/Skills/Effects/BP_EffectKnockback.BP_EffectKnockback_C:Apply; removing parent information, but keeping function
[2016.04.20-19.00.16:835][  0]LogFileManager:Warning: DeleteFile was unable to delete 'D:/Source/Perforce/GameDesignCapstone/BattleBots/BattleBots/Intermediate/CachedAssetRegistry.bin', retrying in .5s...
[2016.04.20-19.00.16:835][  0]LogFileManager:Error: Error deleting file 'D:/Source/Perforce/GameDesignCapstone/BattleBots/BattleBots/Intermediate/CachedAssetRegistry.bin'.
[2016.04.20-19.00.17:698][  0]LogLinker:Warning: CreateExport: Failed to load Parent for Function /Game/BattleBotsContent/Skills/Effects/BP_EffectHeal.BP_EffectHeal_C:Apply; removing parent information, but keeping function
[2016.04.20-19.00.17:737][  0]LogLinker:Warning: CreateExport: Failed to load Parent for Function /Game/BattleBotsContent/Skills/Effects/BP_SpawnAcid.BP_SpawnAcid_C:Apply; removing parent information, but keeping function
[2016.04.20-19.00.17:790][  0]LogLinker:Warning: CreateExport: Failed to load Parent for Function /Game/BattleBotsContent/Skills/Effects/BP_SpawnTar.BP_SpawnTar_C:Apply; removing parent information, but keeping function
[2016.04.20-19.00.17:801][  0]LogLinker:Warning: CreateExport: Failed to load Parent for Function /Game/BattleBotsContent/Skills/Effects/BP_StaticHeal.BP_StaticHeal_C:Apply; removing parent information, but keeping function
[2016.04.20-19.00.17:825][  0]LogLinker:Warning: CreateExport: Failed to load Parent for Function /Game/BattleBotsContent/Skills/Effects/BP_StaticPull.BP_StaticPull_C:Apply; removing parent information, but keeping function
[2016.04.20-19.00.17:848][  0]LogLinker:Warning: CreateExport: Failed to load Parent for Function /Game/BattleBotsContent/Skills/Effects/BP_StaticPush.BP_StaticPush_C:Apply; removing parent information, but keeping function
[2016.04.20-19.00.17:907][  0]LogLinker:Warning: CreateExport: Failed to load Parent for Function /Game/BattleBotsContent/Skills/Effects/BP_BullRush.BP_BullRush_C:Apply; removing parent information, but keeping function
[2016.04.20-19.00.17:914][  0]LogLinker:Warning: CreateExport: Failed to load Parent for Function /Game/BattleBotsContent/Skills/Effects/BP_EffectTrace.BP_EffectTrace_C:Apply; removing parent information, but keeping function
[2016.04.20-19.00.17:924][  0]LogLinker:Warning: CreateExport: Failed to load Parent for Function /Game/BattleBotsContent/Skills/Effects/BP_EffectTurret.BP_EffectTurret_C:Apply; removing parent information, but keeping function
[2016.04.20-19.00.18:036][  0]LogLinker:Warning: CreateExport: Failed to load Parent for Function /Game/BattleBotsContent/Skills/Effects/BP_SpawnMinon.BP_SpawnMinon_C:Apply; removing parent information, but keeping function
[2016.04.20-19.00.18:055][  0]LogLinker:Warning: CreateExport: Failed to load Parent for Function /Game/BattleBotsContent/Skills/Effects/BP_StaticDamage.BP_StaticDamage_C:Apply; removing parent information, but keeping function
[2016.04.20-19.00.18:083][  0]LogLinker:Warning: CreateExport: Failed to load Parent for Function /Game/BattleBotsContent/Skills/Effects/BP_SuperAcidActivate.BP_SuperAcidActivate_C:Apply; removing parent information, but keeping function
[2016.04.20-19.00.18:106][  0]LogLinker:Warning: CreateExport: Failed to load Parent for Function /Game/BattleBotsContent/Skills/Effects/BP_SuperAcidTarget.BP_SuperAcidTarget_C:Apply; removing parent information, but keeping function
[2016.04.20-19.00.18:137][  0]LogLinker:Warning: CreateExport: Failed to load Parent for Function /Game/BattleBotsContent/Skills/Effects/BP_TeleSwap.BP_TeleSwap_C:Apply; removing parent information, but keeping function
[2016.04.20-19.00.21:200][  0]LogTexture:Display: Building textures: TF_MarkedFin (AutoDXT)
[2016.04.20-19.00.21:233][  0]LogMaterial: Missing cached shader map for material TF_MAT_Marked, compiling. 
[2016.04.20-19.00.23:480][  0]LogAIModule: Creating AISystem for world BattleMap
[2016.04.20-19.00.23:529][  0]LogEditorServer: Finished looking for orphan Actors (0.000 secs)
[2016.04.20-19.00.23:535][  0]Cmd: MAP CHECKDEP NOCLEARLOG
[2016.04.20-19.00.23:631][  0]MapCheck: Info Map check complete: 0 Error(s), 0 Warning(s), took 96.725ms to complete.
[2016.04.20-19.00.23:631][  0]LogFileHelpers: Loading map 'BattleMap' took 19.052
[2016.04.20-19.00.23:816][  0]LogCollectionManager: Loaded 0 collections in 0.003220 seconds
[2016.04.20-19.00.23:873][  0]LogFileCache: Scanning file cache for directory 'D:/Source/Perforce/GameDesignCapstone/BattleBots/BattleBots/Saved/Collections/' took 0.01s
[2016.04.20-19.00.23:873][  0]LogFileCache: Scanning file cache for directory 'D:/Source/Perforce/GameDesignCapstone/BattleBots/BattleBots/Content/Developers/WillNations/Collections/' took 0.01s
[2016.04.20-19.00.23:873][  0]LogFileCache: Scanning file cache for directory 'D:/Source/Perforce/GameDesignCapstone/BattleBots/BattleBots/Content/Collections/' took 0.01s
[2016.04.20-19.00.23:873][  0]LogCollectionManager: Rebuilt the GUID cache for 0 collections in 0.000004 seconds
[2016.04.20-19.00.23:883][  0]LogContentBrowser: Native class hierarchy populated in 0.0090 seconds. Added 1893 classes and 338 folders.
[2016.04.20-19.00.23:896][  0]LogContentBrowser: Native class hierarchy updated for 'WidgetCarousel' in 0.0004 seconds. Added 0 classes and 0 folders.
[2016.04.20-19.00.24:227][  0]LogSourceControl: Attempting 'p4 client -o bugamestudios_BattleBots_MSI'
[2016.04.20-19.00.24:227][  0]LogContentBrowser: Native class hierarchy updated for 'AddContentDialog' in 0.0003 seconds. Added 0 classes and 0 folders.
[2016.04.20-19.00.24:249][  0]LogContentBrowser: Native class hierarchy updated for 'SceneOutliner' in 0.0003 seconds. Added 1 classes and 2 folders.
[2016.04.20-19.00.24:471][  0]LogCrashTracker: Crashtracker disabled due to settings.
[2016.04.20-19.00.24:484][  0]LogUObjectGlobals:Warning: Failed to find object 'Class None.'
[2016.04.20-19.00.24:510][  0]LogLoad: Full Startup: 37.29 seconds (BP compile: 2.63 seconds)
[2016.04.20-19.00.24:525][  0]LogOcInput: Can't find Oculus library dev build: is proper Runtime installed? Version: 0.8.0.0
[2016.04.20-19.00.24:561][  0]LogFileManager:Warning: DeleteFile was unable to delete 'D:/Source/Perforce/GameDesignCapstone/BattleBots/BattleBots/Intermediate/ReimportCache/3688439234.bin', retrying in .5s...
[2016.04.20-19.00.25:062][  0]LogFileManager:Error: Error deleting file 'D:/Source/Perforce/GameDesignCapstone/BattleBots/BattleBots/Intermediate/ReimportCache/3688439234.bin'.
[2016.04.20-19.00.36:229][  0]LogOutputDevice:Warning: === Handled error: ===

Ensure condition failed: bMoved [File:D:\BuildFarm\buildmachine_++depot+UE4-Releases+4.10\Engine\Source\Developer\DirectoryWatcher\Private\FileCache.cpp] [Line: 527]
Unable to move file-cache for 'D:/Source/Perforce/GameDesignCapstone/BattleBots/BattleBots/Content/' from 'D:/Source/Perforce/GameDesignCapstone/BattleBots/BattleBots/Intermediate/ReimportCache/3688439234.bin.tmp' to 'D:/Source/Perforce/GameDesignCapstone/BattleBots/BattleBots/Intermediate/ReimportCache/3688439234.bin'.
Stack: 
UE4Editor-Core.dll!FWindowsPlatformStackWalk::StackWalkAndDump() [d:\buildfarm\buildmachine_++depot+ue4-releases+4.10\engine\source\runtime\core\private\windows\windowsplatformstackwalk.cpp:175]
UE4Editor-Core.dll!FDebug::EnsureFailed() [d:\buildfarm\buildmachine_++depot+ue4-releases+4.10\engine\source\runtime\core\private\misc\outputdevice.cpp:276]
UE4Editor-Core.dll!FDebug::OptionallyLogFormattedEnsureMessageReturningFalse() [d:\buildfarm\buildmachine_++depot+ue4-releases+4.10\engine\source\runtime\core\private\misc\outputdevice.cpp:385]
UE4Editor-DirectoryWatcher.dll!DirectoryWatcher::FFileCache::WriteCache() [d:\buildfarm\buildmachine_++depot+ue4-releases+4.10\engine\source\developer\directorywatcher\private\filecache.cpp:527]
UE4Editor-UnrealEd.dll!FAutoReimportManager::Idle() [d:\buildfarm\buildmachine_++depot+ue4-releases+4.10\engine\source\editor\unrealed\private\autoreimport\autoreimportmanager.cpp:615]
UE4Editor-UnrealEd.dll!<lambda_794213ebae30b52efd5c6e4268c1086c>::operator()() [d:\buildfarm\buildmachine_++depot+ue4-releases+4.10\engine\source\editor\unrealed\private\autoreimport\autoreimportmanager.cpp:244]
UE4Editor-UnrealEd.dll!UE4Function_Private::TFunctionRefCaller<<lambda_794213ebae30b52efd5c6e4268c1086c>,TOptional<enum ECurrentState> __cdecl(DirectoryWatcher::FTimeLimit const & __ptr64)>::Call() [d:\buildfarm\buildmachine_++depot+ue4-releases+4.10\engine\source\runtime\core\public\templates\function.h:180]
UE4Editor-UnrealEd.dll!UE4Function_Private::TFunctionRefBase<TOptional<enum ECurrentState> __cdecl(DirectoryWatcher::FTimeLimit const & __ptr64)>::operator()() [d:\buildfarm\buildmachine_++depot+ue4-releases+4.10\engine\source\runtime\core\public\templates\function.h:217]
UE4Editor-UnrealEd.dll!FStateMachine<enum ECurrentState>::Tick() [d:\buildfarm\buildmachine_++depot+ue4-releases+4.10\engine\source\editor\unrealed\private\autoreimport\autoreimportmanager.cpp:50]
UE4Editor-UnrealEd.dll!FAutoReimportManager::Tick() [d:\buildfarm\buildmachine_++depot+ue4-releases+4.10\engine\source\editor\unrealed\private\autoreimport\autoreimportmanager.cpp:666]
UE4Editor-UnrealEd.dll!FTickableEditorObject::TickObjects() [d:\buildfarm\buildmachine_++depot+ue4-releases+4.10\engine\source\editor\unrealed\public\tickableeditorobject.h:15]
UE4Editor-UnrealEd.dll!UEditorEngine::Tick() [d:\buildfarm\buildmachine_++depot+ue4-releases+4.10\engine\source\editor\unrealed\private\editorengine.cpp:1116]
UE4Editor-UnrealEd.dll!UUnrealEdEngine::Tick() [d:\buildfarm\buildmachine_++depot+ue4-releases+4.10\engine\source\editor\unrealed\private\unrealedengine.cpp:361]
UE4Editor.exe!FEngineLoop::Tick() [d:\buildfarm\buildmachine_++depot+ue4-releases+4.10\engine\source\runtime\launch\private\launchengineloop.cpp:2427]
UE4Editor.exe!GuardedMain() [d:\buildfarm\buildmachine_++depot+ue4-releases+4.10\engine\source\runtime\launch\private\launch.cpp:142]
UE4Editor.exe!GuardedMainWrapper() [d:\buildfarm\buildmachine_++depot+ue4-releases+4.10\engine\source\runtime\launch\private\windows\launchwindows.cpp:126]
UE4Editor.exe!WinMain() [d:\buildfarm\buildmachine_++depot+ue4-releases+4.10\engine\source\runtime\launch\private\windows\launchwindows.cpp:200]
UE4Editor.exe!__scrt_common_main_seh() [f:\dd\vctools\crt\vcstartup\src\startup\exe_common.inl:264]
KERNEL32.DLL
ntdll.dll
ntdll.dll

[2016.04.20-19.00.36:939][  0]SourceControl: Info Client bugamestudios_BattleBots_MSI
[2016.04.20-19.00.36:939][  0]SourceControl: Info Update 2016/03/29 16:04:19
[2016.04.20-19.00.36:939][  0]SourceControl: Info Access 2016/04/20 18:58:10
[2016.04.20-19.00.36:939][  0]SourceControl: Info Owner bugamestudios
[2016.04.20-19.00.36:939][  0]SourceControl: Info Host MSI
[2016.04.20-19.00.36:939][  0]SourceControl: Info Description Created by bugamestudios.

[2016.04.20-19.00.36:939][  0]SourceControl: Info Root d:\Source\Perforce\GameDesignCapstone\BattleBots
[2016.04.20-19.00.36:939][  0]SourceControl: Info Options noallwrite noclobber nocompress unlocked nomodtime normdir
[2016.04.20-19.00.36:939][  0]SourceControl: Info SubmitOptions submitunchanged
[2016.04.20-19.00.36:939][  0]SourceControl: Info LineEnd local
[2016.04.20-19.00.36:939][  0]SourceControl: Info Stream //BattleBots/main
[2016.04.20-19.00.36:939][  0]SourceControl: Info View0 //BattleBots/main/... //bugamestudios_BattleBots_MSI/...
[2016.04.20-19.00.36:939][  0]SourceControl: Info specFormatted 
[2016.04.20-19.00.36:939][  0]SourceControl: Info func client-FstatInfo
[2016.04.20-19.00.36:939][  0]LogContentStreaming: Texture pool size now 1000 MB
[2016.04.20-19.00.37:097][  0]LogRenderer: Reallocating scene render targets to support 1160x572 (Frame:2).
[2016.04.20-19.00.46:515][ 59]LogAssetRegistry: Asset discovery search completed in 46.4607 seconds
[2016.04.20-19.00.46:516][ 59]LogCollectionManager: Rebuilt the object cache for 0 collections in 0.000003 seconds (found 0 objects)
[2016.04.20-19.00.46:517][ 59]LogCollectionManager: Fixed up redirectors for 0 collections in 0.000478 seconds (updated 0 objects)
[2016.04.20-19.01.36:329][350]LogSourceControl: Attempting 'p4 fstat -Or D:/Source/Perforce/GameDesignCapstone/BattleBots/BattleBots/Content/robot.uasset'
[2016.04.20-19.03.27:511][ 45]LogSourceControl: Attempting 'p4 fstat -Or D:/Source/Perforce/GameDesignCapstone/BattleBots/BattleBots/Content/BattleBotsContent/Global/BP_BattleGameMode.uasset D:/Source/Perforce/GameDesignCapstone/BattleBots/BattleBots/Content/BattleBotsContent/Global/BPI_BattleManager.uasset D:/Source/Perforce/GameDesignCapstone/BattleBots/BattleBots/Content/BattleBotsContent/Global/EBattleMode.uasset D:/Source/Perforce/GameDesignCapstone/BattleBots/BattleBots/Content/BattleBotsContent/Global/EInteractables.uasset D:/Source/Perforce/GameDesignCapstone/BattleBots/BattleBots/Content/BattleBotsContent/Global/ETeamAssociation.uasset'
[2016.04.20-19.03.35:850][298]LogSourceControl: Attempting 'p4 fstat -Or D:/Source/Perforce/GameDesignCapstone/BattleBots/BattleBots/Content/BattleBotsContent/Units/BP_Unit.uasset D:/Source/Perforce/GameDesignCapstone/BattleBots/BattleBots/Content/BattleBotsContent/Units/BP_UnitComponent.uasset D:/Source/Perforce/GameDesignCapstone/BattleBots/BattleBots/Content/BattleBotsContent/Units/BP_UnitInteract_Component.uasset D:/Source/Perforce/GameDesignCapstone/BattleBots/BattleBots/Content/BattleBotsContent/Units/BP_UnitSpawner.uasset D:/Source/Perforce/GameDesignCapstone/BattleBots/BattleBots/Content/BattleBotsContent/Units/BP_UnitTeamComponent.uasset D:/Source/Perforce/GameDesignCapstone/BattleBots/BattleBots/Content/BattleBotsContent/Units/BPS_Stats.uasset D:/Source/Perforce/GameDesignCapstone/BattleBots/BattleBots/Content/BattleBotsContent/Units/BPS_UnitDefinition.uasset D:/Source/Perforce/GameDesignCapstone/BattleBots/BattleBots/Content/BattleBotsContent/Units/DT_UnitDefinitions.uasset'
[2016.04.20-19.03.56:043][ 67]LogSourceControl: Attempting 'p4 fstat -Or D:/Source/Perforce/GameDesignCapstone/BattleBots/BattleBots/Content/BattleBotsContent/Units/DT_UnitDefinitions.uasset'
[2016.04.20-19.06.32:769][150]LogSourceControl: Attempting 'p4 fstat -Or D:/Source/Perforce/GameDesignCapstone/BattleBots/BattleBots/Content/BattleBotsContent/Skills/BP_Skill.uasset D:/Source/Perforce/GameDesignCapstone/BattleBots/BattleBots/Content/BattleBotsContent/Skills/BP_SkillAnimation.uasset D:/Source/Perforce/GameDesignCapstone/BattleBots/BattleBots/Content/BattleBotsContent/Skills/BP_SkillAttributeModifier.uasset D:/Source/Perforce/GameDesignCapstone/BattleBots/BattleBots/Content/BattleBotsContent/Skills/BP_SkillEffect.uasset D:/Source/Perforce/GameDesignCapstone/BattleBots/BattleBots/Content/BattleBotsContent/Skills/BP_SkillEffectModifier.uasset D:/Source/Perforce/GameDesignCapstone/BattleBots/BattleBots/Content/BattleBotsContent/Skills/BP_SkillMod.uasset D:/Source/Perforce/GameDesignCapstone/BattleBots/BattleBots/Content/BattleBotsContent/Skills/BP_SkillUpdater.uasset D:/Source/Perforce/GameDesignCapstone/BattleBots/BattleBots/Content/BattleBotsContent/Skills/BPI_SkillUser.uasset D:/Source/Perforce/GameDesignCapstone/BattleBots/BattleBots/Content/BattleBotsContent/Skills/BPS_SkillAttributes.uasset D:/Source/Perforce/GameDesignCapstone/BattleBots/BattleBots/Content/BattleBotsContent/Skills/BPS_SkillDefinition.uasset D:/Source/Perforce/GameDesignCapstone/BattleBots/BattleBots/Content/BattleBotsContent/Skills/BPS_SkillModDefinition.uasset D:/Source/Perforce/GameDesignCapstone/BattleBots/BattleBots/Content/BattleBotsContent/Skills/DT_SkillDefinitions.uasset D:/Source/Perforce/GameDesignCapstone/BattleBots/BattleBots/Content/BattleBotsContent/Skills/DT_SkillLinkDefinitions.uasset D:/Source/Perforce/GameDesignCapstone/BattleBots/BattleBots/Content/BattleBotsContent/Skills/ESkillForm.uasset D:/Source/Perforce/GameDesignCapstone/BattleBots/BattleBots/Content/BattleBotsContent/Skills/EValidSkillTarget.uasset'
[2016.04.20-19.10.25:934][461]LogFileHelpers: Editor autosave (incl. sublevels) for '/Game/BattleBotsContent/Maps/BattleMap' took 0.762
[2016.04.20-19.10.26:205][461]OBJ SavePackage: Generating thumbnails for [0] asset(s) in package [/Game/BattleBotsContent/Units/DT_UnitDefinitions] ([1] browsable assets)...
[2016.04.20-19.10.26:206][461]OBJ SavePackage: Finished generating thumbnails for package [/Game/BattleBotsContent/Units/DT_UnitDefinitions]
[2016.04.20-19.10.26:439][461]LogSavePackage: Save=14.682062ms
[2016.04.20-19.10.26:439][461]LogSavePackage: Moving 'D:/Source/Perforce/GameDesignCapstone/BattleBots/BattleBots/Saved/DT_UnitDefinitions_Auto1E1809DB3444B1D5FC3949FB60A1EF9E8.tmp' to 'D:/Source/Perforce/GameDesignCapstone/BattleBots/BattleBots/Saved/Autosaves/Game/BattleBotsContent/Units/DT_UnitDefinitions_Auto1.uasset'
[2016.04.20-19.10.26:439][461]LogSavePackage: Total save time: 231.600013ms
[2016.04.20-19.10.26:439][461]LogSavePackage:Display: Finished SavePackage D:/Source/Perforce/GameDesignCapstone/BattleBots/BattleBots/Saved/Autosaves/Game/BattleBotsContent/Units/DT_UnitDefinitions_Auto1.uasset
[2016.04.20-19.10.26:439][461]LogFileHelpers: Auto-saving content packages took 0.505
[2016.04.20-19.13.53:163][239]LogSourceControl: Attempting 'p4 fstat -Or D:/Source/Perforce/GameDesignCapstone/BattleBots/BattleBots/Content/BattleBotsContent/Skills/Effects/BP_BullRush.uasset D:/Source/Perforce/GameDesignCapstone/BattleBots/BattleBots/Content/BattleBotsContent/Skills/Effects/BP_EffectDealDamage.uasset D:/Source/Perforce/GameDesignCapstone/BattleBots/BattleBots/Content/BattleBotsContent/Skills/Effects/BP_EffectGravityWell.uasset D:/Source/Perforce/GameDesignCapstone/BattleBots/BattleBots/Content/BattleBotsContent/Skills/Effects/BP_EffectHeal.uasset D:/Source/Perforce/GameDesignCapstone/BattleBots/BattleBots/Content/BattleBotsContent/Skills/Effects/BP_EffectKnockback.uasset D:/Source/Perforce/GameDesignCapstone/BattleBots/BattleBots/Content/BattleBotsContent/Skills/Effects/BP_EffectTrace.uasset D:/Source/Perforce/GameDesignCapstone/BattleBots/BattleBots/Content/BattleBotsContent/Skills/Effects/BP_EffectTurret.uasset D:/Source/Perforce/GameDesignCapstone/BattleBots/BattleBots/Content/BattleBotsContent/Skills/Effects/BP_Link.uasset D:/Source/Perforce/GameDesignCapstone/BattleBots/BattleBots/Content/BattleBotsContent/Skills/Effects/BP_Radar_Link.uasset D:/Source/Perforce/GameDesignCapstone/BattleBots/BattleBots/Content/BattleBotsContent/Skills/Effects/BP_SpawnAcid.uasset D:/Source/Perforce/GameDesignCapstone/BattleBots/BattleBots/Content/BattleBotsContent/Skills/Effects/BP_SpawnMinon.uasset D:/Source/Perforce/GameDesignCapstone/BattleBots/BattleBots/Content/BattleBotsContent/Skills/Effects/BP_SpawnTar.uasset D:/Source/Perforce/GameDesignCapstone/BattleBots/BattleBots/Content/BattleBotsContent/Skills/Effects/BP_StaticDamage.uasset D:/Source/Perforce/GameDesignCapstone/BattleBots/BattleBots/Content/BattleBotsContent/Skills/Effects/BP_StaticHeal.uasset D:/Source/Perforce/GameDesignCapstone/BattleBots/BattleBots/Content/BattleBotsContent/Skills/Effects/BP_StaticPull.uasset D:/Source/Perforce/GameDesignCapstone/BattleBots/BattleBots/Content/BattleBotsContent/Skills/Effects/BP_StaticPush.uasset D:/Source/Perforce/GameDesignCapstone/BattleBots/BattleBots/Content/BattleBotsContent/Skills/Effects/BP_SuperAcidActivate.uasset D:/Source/Perforce/GameDesignCapstone/BattleBots/BattleBots/Content/BattleBotsContent/Skills/Effects/BP_SuperAcidTarget.uasset D:/Source/Perforce/GameDesignCapstone/BattleBots/BattleBots/Content/BattleBotsContent/Skills/Effects/BP_TeleSwap.uasset D:/Source/Perforce/GameDesignCapstone/BattleBots/BattleBots/Content/BattleBotsContent/Skills/Effects/NewBlueprint2.uasset'
[2016.04.20-19.13.57:585][448]LogSourceControl: Attempting 'p4 fstat -Or D:/Source/Perforce/GameDesignCapstone/BattleBots/BattleBots/Content/BattleBotsContent/Skills/BP_Skill.uasset D:/Source/Perforce/GameDesignCapstone/BattleBots/BattleBots/Content/BattleBotsContent/Skills/BP_SkillAnimation.uasset D:/Source/Perforce/GameDesignCapstone/BattleBots/BattleBots/Content/BattleBotsContent/Skills/BP_SkillAttributeModifier.uasset D:/Source/Perforce/GameDesignCapstone/BattleBots/BattleBots/Content/BattleBotsContent/Skills/BP_SkillEffect.uasset D:/Source/Perforce/GameDesignCapstone/BattleBots/BattleBots/Content/BattleBotsContent/Skills/BP_SkillEffectModifier.uasset D:/Source/Perforce/GameDesignCapstone/BattleBots/BattleBots/Content/BattleBotsContent/Skills/BP_SkillMod.uasset D:/Source/Perforce/GameDesignCapstone/BattleBots/BattleBots/Content/BattleBotsContent/Skills/BP_SkillUpdater.uasset D:/Source/Perforce/GameDesignCapstone/BattleBots/BattleBots/Content/BattleBotsContent/Skills/BPI_SkillUser.uasset D:/Source/Perforce/GameDesignCapstone/BattleBots/BattleBots/Content/BattleBotsContent/Skills/BPS_SkillAttributes.uasset D:/Source/Perforce/GameDesignCapstone/BattleBots/BattleBots/Content/BattleBotsContent/Skills/BPS_SkillDefinition.uasset D:/Source/Perforce/GameDesignCapstone/BattleBots/BattleBots/Content/BattleBotsContent/Skills/BPS_SkillModDefinition.uasset D:/Source/Perforce/GameDesignCapstone/BattleBots/BattleBots/Content/BattleBotsContent/Skills/DT_SkillDefinitions.uasset D:/Source/Perforce/GameDesignCapstone/BattleBots/BattleBots/Content/BattleBotsContent/Skills/DT_SkillLinkDefinitions.uasset D:/Source/Perforce/GameDesignCapstone/BattleBots/BattleBots/Content/BattleBotsContent/Skills/ESkillForm.uasset D:/Source/Perforce/GameDesignCapstone/BattleBots/BattleBots/Content/BattleBotsContent/Skills/EValidSkillTarget.uasset'
[2016.04.20-19.15.38:558][598]LogSourceControl: Attempting 'p4 fstat -Or D:/Source/Perforce/GameDesignCapstone/BattleBots/BattleBots/Content/BattleBotsContent/Units/DT_UnitDefinitions.uasset'
[2016.04.20-19.15.41:204][598]LogSourceControl: Attempting 'p4 fstat -Or D:/Source/Perforce/GameDesignCapstone/BattleBots/BattleBots/Content/BattleBotsContent/Units/DT_UnitDefinitions.uasset'
[2016.04.20-19.15.41:876][598]LogSourceControl: Attempting 'p4 edit D:/Source/Perforce/GameDesignCapstone/BattleBots/BattleBots/Content/BattleBotsContent/Units/DT_UnitDefinitions.uasset'
[2016.04.20-19.15.42:318][598]LogSavePackage: Save=25.931437ms
[2016.04.20-19.15.42:318][598]LogSavePackage: Moving 'D:/Source/Perforce/GameDesignCapstone/BattleBots/BattleBots/Saved/DT_UnitDefinitions2E83D144466E0E49D8CA17B424138FA8.tmp' to 'D:/Source/Perforce/GameDesignCapstone/BattleBots/BattleBots/Content/BattleBotsContent/Units/DT_UnitDefinitions.uasset'
[2016.04.20-19.15.42:598][598]LogSavePackage: Total save time: 323.482610ms
[2016.04.20-19.15.42:598][598]LogSavePackage:Display: Finished SavePackage D:/Source/Perforce/GameDesignCapstone/BattleBots/BattleBots/Content/BattleBotsContent/Units/DT_UnitDefinitions.uasset
[2016.04.20-19.15.47:110][700]LogSourceControl: Attempting 'p4 fstat -Or D:/Source/Perforce/GameDesignCapstone/BattleBots/BattleBots/Content/BattleBotsContent/Skills/DT_SkillDefinitions.uasset'
[2016.04.20-19.15.49:422][700]LogSourceControl: Attempting 'p4 fstat -Or D:/Source/Perforce/GameDesignCapstone/BattleBots/BattleBots/Content/BattleBotsContent/Skills/DT_SkillDefinitions.uasset'
[2016.04.20-19.15.50:071][700]LogSourceControl: Attempting 'p4 edit D:/Source/Perforce/GameDesignCapstone/BattleBots/BattleBots/Content/BattleBotsContent/Skills/DT_SkillDefinitions.uasset'
[2016.04.20-19.15.50:495][700]LogSavePackage: Save=18.977171ms
[2016.04.20-19.15.50:496][700]LogSavePackage: Moving 'D:/Source/Perforce/GameDesignCapstone/BattleBots/BattleBots/Saved/DT_SkillDefinitions47C9DA244AC8D0D34B1D71B878EA7FA3.tmp' to 'D:/Source/Perforce/GameDesignCapstone/BattleBots/BattleBots/Content/BattleBotsContent/Skills/DT_SkillDefinitions.uasset'
[2016.04.20-19.15.50:498][700]LogSavePackage: Total save time: 46.385344ms
[2016.04.20-19.15.50:498][700]LogSavePackage:Display: Finished SavePackage D:/Source/Perforce/GameDesignCapstone/BattleBots/BattleBots/Content/BattleBotsContent/Skills/DT_SkillDefinitions.uasset
[2016.04.20-19.15.53:425][807]Cmd: QUIT_EDITOR
[2016.04.20-19.15.54:064][807]LogWindowsTextInputMethodSystem:Display: IME system now deactivated.
[2016.04.20-19.15.54:314][807]LogExit: Preparing to exit.
[2016.04.20-19.15.56:198][807]LogExit: Editor shut down
[2016.04.20-19.15.56:203][807]LogExit: Transaction tracking system shut down
[2016.04.20-19.15.56:261][807]LogParticles: Destroying 0 GPU particle simulations for FXSystem 0x000001B0C7843D80
[2016.04.20-19.15.56:262][807]LogParticles: Destroying 0 GPU particle simulations for FXSystem 0x000001B1A99FBD80
[2016.04.20-19.15.56:262][807]LogParticles: Destroying 0 GPU particle simulations for FXSystem 0x000001B1BAB6F6A0
[2016.04.20-19.15.57:002][807]LogExit: Object subsystem successfully closed.
[2016.04.20-19.15.57:068][807]LogD3D11RHI: Shutdown
[2016.04.20-19.15.57:068][807]LogD3D11RHI: CleanupD3DDevice
[2016.04.20-19.15.57:262][807]LogD3D11RHI: ~FD3D11DynamicRHI
[2016.04.20-19.15.57:318][807]LogModuleManager: Shutting down and abandoning module CookingStats (200)
[2016.04.20-19.15.57:318][807]LogModuleManager: Shutting down and abandoning module DataTableEditor (199)
[2016.04.20-19.15.57:318][807]LogModuleManager: Shutting down and abandoning module CrashTracker (198)
[2016.04.20-19.15.57:318][807]LogModuleManager: Shutting down and abandoning module SceneOutliner (197)
[2016.04.20-19.15.57:318][807]LogModuleManager: Shutting down and abandoning module SuperSearch (196)
[2016.04.20-19.15.57:318][807]LogModuleManager: Shutting down and abandoning module WidgetCarousel (195)
[2016.04.20-19.15.57:319][807]LogModuleManager: Shutting down and abandoning module AddContentDialog (194)
[2016.04.20-19.15.57:344][807]LogModuleManager: Shutting down and abandoning module EditorWidgets (193)
[2016.04.20-19.15.57:344][807]LogModuleManager: Shutting down and abandoning module CollectionManager (192)
[2016.04.20-19.15.57:345][807]LogModuleManager: Shutting down and abandoning module StatsViewer (191)
[2016.04.20-19.15.57:345][807]LogModuleManager: Shutting down and abandoning module FoliageEdit (190)
[2016.04.20-19.15.57:345][807]LogModuleManager: Shutting down and abandoning module LandscapeEditor (189)
[2016.04.20-19.15.57:347][807]LogModuleManager: Shutting down and abandoning module ActorPickerMode (188)
[2016.04.20-19.15.57:347][807]LogModuleManager: Shutting down and abandoning module GeometryMode (187)
[2016.04.20-19.15.57:347][807]LogModuleManager: Shutting down and abandoning module TextureAlignMode (186)
[2016.04.20-19.15.57:347][807]LogModuleManager: Shutting down and abandoning module BspMode (185)
[2016.04.20-19.15.57:347][807]LogModuleManager: Shutting down and abandoning module PlacementMode (184)
[2016.04.20-19.15.57:347][807]LogModuleManager: Shutting down and abandoning module AutomationWorker (183)
[2016.04.20-19.15.57:347][807]LogModuleManager: Shutting down and abandoning module CharacterAI (182)
[2016.04.20-19.15.57:347][807]LogModuleManager: Shutting down and abandoning module SmartSnapping (181)
[2016.04.20-19.15.57:347][807]LogModuleManager: Shutting down and abandoning module ViewportSnapping (180)
[2016.04.20-19.15.57:347][807]LogModuleManager: Shutting down and abandoning module LogVisualizer (179)
[2016.04.20-19.15.57:348][807]LogModuleManager: Shutting down and abandoning module GameProjectGeneration (178)
[2016.04.20-19.15.57:349][807]LogModuleManager: Shutting down and abandoning module IntroTutorials (177)
[2016.04.20-19.15.57:349][807]LogModuleManager: Shutting down and abandoning module EditorLiveStreaming (176)
[2016.04.20-19.15.57:349][807]LogModuleManager: Shutting down and abandoning module IOSPlatformEditor (175)
[2016.04.20-19.15.57:349][807]LogModuleManager: Shutting down and abandoning module HTML5PlatformEditor (174)
[2016.04.20-19.15.57:349][807]LogModuleManager: Shutting down and abandoning module AndroidDeviceDetection (173)
[2016.04.20-19.15.57:886][807]LogModuleManager: Shutting down and abandoning module AndroidPlatformEditor (172)
[2016.04.20-19.15.57:886][807]LogModuleManager: Shutting down and abandoning module IOSRuntimeSettings (171)
[2016.04.20-19.15.57:886][807]LogModuleManager: Shutting down and abandoning module AndroidRuntimeSettings (170)
[2016.04.20-19.15.57:886][807]LogModuleManager: Shutting down and abandoning module MergeActors (169)
[2016.04.20-19.15.57:886][807]LogModuleManager: Shutting down and abandoning module SizeMap (168)
[2016.04.20-19.15.57:886][807]LogModuleManager: Shutting down and abandoning module TreeMap (167)
[2016.04.20-19.15.57:886][807]LogModuleManager: Shutting down and abandoning module ReferenceViewer (166)
[2016.04.20-19.15.57:886][807]LogModuleManager: Shutting down and abandoning module LocalizationService (165)
[2016.04.20-19.15.57:886][807]LogModuleManager: Shutting down and abandoning module LocalizationDashboard (164)
[2016.04.20-19.15.57:887][807]LogModuleManager: Shutting down and abandoning module HardwareTargeting (163)
[2016.04.20-19.15.57:887][807]LogModuleManager: Shutting down and abandoning module DeviceProfileEditor (162)
[2016.04.20-19.15.57:887][807]LogModuleManager: Shutting down and abandoning module UndoHistory (161)
[2016.04.20-19.15.57:887][807]LogModuleManager: Shutting down and abandoning module GameplayTagsEditor (160)
[2016.04.20-19.15.57:887][807]LogModuleManager: Shutting down and abandoning module UserFeedback (159)
[2016.04.20-19.15.57:887][807]LogModuleManager: Shutting down and abandoning module XmlParser (158)
[2016.04.20-19.15.57:887][807]LogModuleManager: Shutting down and abandoning module Blutility (157)
[2016.04.20-19.15.57:887][807]LogModuleManager: Shutting down and abandoning module ProjectTargetPlatformEditor (156)
[2016.04.20-19.15.57:887][807]LogModuleManager: Shutting down and abandoning module ProjectSettingsViewer (155)
[2016.04.20-19.15.57:888][807]LogModuleManager: Shutting down and abandoning module InputBindingEditor (154)
[2016.04.20-19.15.57:888][807]LogModuleManager: Shutting down and abandoning module EditorSettingsViewer (153)
[2016.04.20-19.15.57:888][807]LogModuleManager: Shutting down and abandoning module SettingsEditor (152)
[2016.04.20-19.15.57:888][807]LogModuleManager: Shutting down and abandoning module ProjectLauncher (151)
[2016.04.20-19.15.57:889][807]LogModuleManager: Shutting down and abandoning module SessionFrontend (150)
[2016.04.20-19.15.57:889][807]LogModuleManager: Shutting down and abandoning module ProfilerClient (149)
[2016.04.20-19.15.57:889][807]LogModuleManager: Shutting down and abandoning module TargetDeviceServices (148)
[2016.04.20-19.15.57:889][807]LogModuleManager: Shutting down and abandoning module DeviceManager (147)
[2016.04.20-19.15.57:936][807]LogModuleManager: Shutting down and abandoning module AutomationController (146)
[2016.04.20-19.15.57:936][807]LogModuleManager: Shutting down and abandoning module AutomationWindow (145)
[2016.04.20-19.15.57:937][807]LogModuleManager: Shutting down and abandoning module Layers (144)
[2016.04.20-19.15.57:938][807]LogModuleManager: Shutting down and abandoning module ComponentVisualizers (143)
[2016.04.20-19.15.57:938][807]LogModuleManager: Shutting down and abandoning module DetailCustomizations (142)
[2016.04.20-19.15.57:939][807]LogModuleManager: Shutting down and abandoning module PackagesDialog (141)
[2016.04.20-19.15.57:939][807]LogModuleManager: Shutting down and abandoning module Persona (140)
[2016.04.20-19.15.57:940][807]LogModuleManager: Shutting down and abandoning module Kismet (139)
[2016.04.20-19.15.57:940][807]LogModuleManager: Shutting down and abandoning module GraphEditor (138)
[2016.04.20-19.15.57:942][807]LogModuleManager: Shutting down and abandoning module ClassViewer (137)
[2016.04.20-19.15.57:942][807]LogModuleManager: Shutting down and abandoning module Toolbox (136)
[2016.04.20-19.15.57:942][807]LogModuleManager: Shutting down and abandoning module ModuleUI (135)
[2016.04.20-19.15.57:943][807]LogModuleManager: Shutting down and abandoning module MovieSceneTools (134)
[2016.04.20-19.15.57:943][807]LogModuleManager: Shutting down and abandoning module OutputLog (133)
[2016.04.20-19.15.57:943][807]LogModuleManager: Shutting down and abandoning module GammaUI (132)
[2016.04.20-19.15.57:944][807]LogModuleManager: Shutting down and abandoning module Documentation (131)
[2016.04.20-19.15.57:944][807]LogModuleManager: Shutting down and abandoning module GameLiveStreaming (130)
[2016.04.20-19.15.57:944][807]LogModuleManager: Shutting down and abandoning module StreamingPauseRendering (129)
[2016.04.20-19.15.57:944][807]LogModuleManager: Shutting down and abandoning module AnalyticsET (128)
[2016.04.20-19.15.57:944][807]LogModuleManager: Shutting down and abandoning module Analytics (127)
[2016.04.20-19.15.57:944][807]LogModuleManager: Shutting down and abandoning module AITestSuite (126)
[2016.04.20-19.15.57:944][807]LogModuleManager: Shutting down and abandoning module GameplayDebugger (125)
[2016.04.20-19.15.57:944][807]LogModuleManager: Shutting down and abandoning module AIModule (124)
[2016.04.20-19.15.57:944][807]LogModuleManager: Shutting down and abandoning module ProfilerService (123)
[2016.04.20-19.15.57:972][807]LogModuleManager: Shutting down and abandoning module TaskGraph (122)
[2016.04.20-19.15.57:973][807]LogModuleManager: Shutting down and abandoning module SlateRemote (121)
[2016.04.20-19.15.57:973][807]LogModuleManager: Shutting down and abandoning module SteamVRController (120)
[2016.04.20-19.15.57:973][807]LogModuleManager: Shutting down and abandoning module SteamVR (119)
[2016.04.20-19.15.57:973][807]LogModuleManager: Shutting down and abandoning module ProceduralMeshComponent (118)
[2016.04.20-19.15.57:973][807]LogModuleManager: Shutting down and abandoning module OculusLibrary (117)
[2016.04.20-19.15.57:973][807]LogModuleManager: Shutting down and abandoning module OculusInput (116)
[2016.04.20-19.15.57:973][807]LogModuleManager: Shutting down and abandoning module LeapMotionController (115)
[2016.04.20-19.15.57:987][807]LogModuleManager: Shutting down and abandoning module CustomMeshComponent (114)
[2016.04.20-19.15.57:987][807]LogModuleManager: Shutting down and abandoning module CableComponent (113)
[2016.04.20-19.15.57:987][807]LogModuleManager: Shutting down and abandoning module ArchVisCharacter (112)
[2016.04.20-19.15.57:987][807]LogModuleManager: Shutting down and abandoning module MessagingDebugger (111)
[2016.04.20-19.15.57:988][807]LogModuleManager: Shutting down and abandoning module MediaPlayerEditor (110)
[2016.04.20-19.15.57:988][807]LogModuleManager: Shutting down and abandoning module HTML5Networking (109)
[2016.04.20-19.15.57:988][807]LogModuleManager: Shutting down and abandoning module SpeedTreeImporter (108)
[2016.04.20-19.15.57:988][807]LogModuleManager: Shutting down and abandoning module PluginBrowser (107)
[2016.04.20-19.15.57:989][807]LogModuleManager: Shutting down and abandoning module EpicSurvey (106)
[2016.04.20-19.15.57:989][807]LogModuleManager: Shutting down and abandoning module DesktopPlatform (105)
[2016.04.20-19.15.57:989][807]LogModuleManager: Shutting down and abandoning module VisualStudioSourceCodeAccess (104)
[2016.04.20-19.15.57:989][807]LogModuleManager: Shutting down and abandoning module UObjectPlugin (103)
[2016.04.20-19.15.57:989][807]LogModuleManager: Shutting down and abandoning module SubversionSourceControl (102)
[2016.04.20-19.15.57:989][807]LogModuleManager: Shutting down and abandoning module PerforceSourceControl (101)
[2016.04.20-19.15.57:990][807]LogModuleManager: Shutting down and abandoning module SourceControl (100)
[2016.04.20-19.15.57:990][807]LogModuleManager: Shutting down and abandoning module GitSourceControl (99)
[2016.04.20-19.15.57:990][807]LogModuleManager: Shutting down and abandoning module LightPropagationVolumeEditor (98)
[2016.04.20-19.15.57:990][807]LogModuleManager: Shutting down and abandoning module PaperTiledImporter (97)
[2016.04.20-19.15.57:990][807]LogModuleManager: Shutting down and abandoning module PaperSpriteSheetImporter (96)
[2016.04.20-19.15.57:990][807]LogModuleManager: Shutting down and abandoning module MeshPaint (95)
[2016.04.20-19.15.57:990][807]LogModuleManager: Shutting down and abandoning module SlateReflector (94)
[2016.04.20-19.15.57:990][807]LogModuleManager: Shutting down and abandoning module HotReload (93)
[2016.04.20-19.15.57:990][807]LogModuleManager: Shutting down and abandoning module MainFrame (92)
[2016.04.20-19.15.57:990][807]LogModuleManager: Shutting down and abandoning module LevelEditor (91)
[2016.04.20-19.15.57:991][807]LogModuleManager: Shutting down and abandoning module DirectoryWatcher (90)
[2016.04.20-19.15.57:996][807]LogModuleManager: Shutting down and abandoning module AssetRegistry (89)
[2016.04.20-19.15.58:774][807]LogFileManager:Warning: DeleteFile was unable to delete 'D:/Source/Perforce/GameDesignCapstone/BattleBots/BattleBots/Intermediate/CachedAssetRegistry.bin', retrying in .5s...
[2016.04.20-19.15.58:774][807]LogFileManager:Error: Error deleting file 'D:/Source/Perforce/GameDesignCapstone/BattleBots/BattleBots/Intermediate/CachedAssetRegistry.bin'.
[2016.04.20-19.15.58:774][807]LogModuleManager: Shutting down and abandoning module ContentBrowser (88)
[2016.04.20-19.15.58:776][807]LogModuleManager: Shutting down and abandoning module Paper2DEditor (87)
[2016.04.20-19.15.58:776][807]LogModuleManager: Shutting down and abandoning module UdpMessaging (86)
[2016.04.20-19.15.58:878][807]LogModuleManager: Shutting down and abandoning module LightPropagationVolumeRuntime (85)
[2016.04.20-19.15.58:878][807]LogModuleManager: Shutting down and abandoning module Paper2D (84)
[2016.04.20-19.15.58:878][807]LogModuleManager: Shutting down and abandoning module WindowsMoviePlayer (83)
[2016.04.20-19.15.58:881][807]LogModuleManager: Shutting down and abandoning module Media (82)
[2016.04.20-19.15.58:881][807]LogModuleManager: Shutting down and abandoning module WmfMedia (81)
[2016.04.20-19.15.58:881][807]LogModuleManager: Shutting down and abandoning module OnlineBlueprintSupport (80)
[2016.04.20-19.15.58:881][807]LogModuleManager: Shutting down and abandoning module GameplayTasksEditor (79)
[2016.04.20-19.15.58:881][807]LogModuleManager: Shutting down and abandoning module PropertyEditor (78)
[2016.04.20-19.15.58:881][807]LogModuleManager: Shutting down and abandoning module BehaviorTreeEditor (77)
[2016.04.20-19.15.58:883][807]LogModuleManager: Shutting down and abandoning module FunctionalTesting (76)
[2016.04.20-19.15.58:883][807]LogModuleManager: Shutting down and abandoning module CollisionAnalyzer (75)
[2016.04.20-19.15.58:883][807]LogModuleManager: Shutting down and abandoning module WorkspaceMenuStructure (74)
[2016.04.20-19.15.58:883][807]LogModuleManager: Shutting down and abandoning module MessageLog (73)
[2016.04.20-19.15.58:883][807]LogModuleManager: Shutting down and abandoning module Sequencer (72)
[2016.04.20-19.15.58:884][807]LogModuleManager: Shutting down and abandoning module AssetTools (71)
[2016.04.20-19.15.58:885][807]LogModuleManager: Shutting down and abandoning module UMGEditor (70)
[2016.04.20-19.15.58:886][807]LogModuleManager: Shutting down and abandoning module UMG (69)
[2016.04.20-19.15.58:887][807]LogModuleManager: Shutting down and abandoning module Slate (68)
[2016.04.20-19.15.58:887][807]LogModuleManager: Shutting down and abandoning module EditorStyle (67)
[2016.04.20-19.15.58:889][807]LogModuleManager: Shutting down and abandoning module SessionServices (66)
[2016.04.20-19.15.58:889][807]LogModuleManager: Shutting down and abandoning module SourceCodeAccess (65)
[2016.04.20-19.15.58:889][807]LogModuleManager: Shutting down and abandoning module HeadMountedDisplay (64)
[2016.04.20-19.15.58:889][807]LogModuleManager: Shutting down and abandoning module XAudio2 (63)
[2016.04.20-19.15.58:889][807]LogModuleManager: Shutting down and abandoning module Networking (61)
[2016.04.20-19.15.58:889][807]LogModuleManager: Shutting down and abandoning module Core (60)
[2016.04.20-19.15.58:889][807]LogModuleManager: Shutting down and abandoning module KismetCompiler (59)
[2016.04.20-19.15.58:889][807]LogModuleManager: Shutting down and abandoning module PhysXFormats (58)
[2016.04.20-19.15.58:889][807]LogModuleManager: Shutting down and abandoning module MeshUtilities (57)
[2016.04.20-19.15.58:890][807]LogModuleManager: Shutting down and abandoning module DerivedDataCache (56)
[2016.04.20-19.15.58:958][807]LogDerivedDataCache: Shutdown
[2016.04.20-19.15.58:958][807]LogModuleManager: Shutting down and abandoning module ShaderFormatOpenGL (55)
[2016.04.20-19.15.58:959][807]LogModuleManager: Shutting down and abandoning module ShaderFormatD3D (54)
[2016.04.20-19.15.58:959][807]LogModuleManager: Shutting down and abandoning module MetalShaderFormat (53)
[2016.04.20-19.15.58:960][807]LogModuleManager: Shutting down and abandoning module TextureFormatUncompressed (52)
[2016.04.20-19.15.58:960][807]LogModuleManager: Shutting down and abandoning module TextureFormatPVR (51)
[2016.04.20-19.15.58:960][807]LogModuleManager: Shutting down and abandoning module TextureFormatIntelISPCTexComp (50)
[2016.04.20-19.15.58:960][807]LogModuleManager: Shutting down and abandoning module TextureFormatDXT (49)
[2016.04.20-19.15.58:960][807]LogModuleManager: Shutting down and abandoning module ImageWrapper (48)
[2016.04.20-19.15.58:960][807]LogModuleManager: Shutting down and abandoning module TextureFormatASTC (47)
[2016.04.20-19.15.58:960][807]LogModuleManager: Shutting down and abandoning module TextureFormatAndroid (46)
[2016.04.20-19.15.58:960][807]LogModuleManager: Shutting down and abandoning module AudioFormatOpus (45)
[2016.04.20-19.15.58:960][807]LogModuleManager: Shutting down and abandoning module AudioFormatOgg (44)
[2016.04.20-19.15.58:960][807]LogModuleManager: Shutting down and abandoning module AudioFormatADPCM (43)
[2016.04.20-19.15.58:960][807]LogModuleManager: Shutting down and abandoning module LinuxTargetPlatform (42)
[2016.04.20-19.15.58:960][807]LogModuleManager: Shutting down and abandoning module LinuxServerTargetPlatform (41)
[2016.04.20-19.15.58:960][807]LogModuleManager: Shutting down and abandoning module LinuxNoEditorTargetPlatform (40)
[2016.04.20-19.15.58:960][807]LogModuleManager: Shutting down and abandoning module Messaging (39)
[2016.04.20-19.15.58:960][807]LogModuleManager: Shutting down and abandoning module IOSTargetPlatform (38)
[2016.04.20-19.15.58:960][807]LogModuleManager: Shutting down and abandoning module HTML5TargetPlatform (37)
[2016.04.20-19.15.58:960][807]LogModuleManager: Shutting down and abandoning module Android_PVRTCTargetPlatform (36)
[2016.04.20-19.15.58:960][807]LogModuleManager: Shutting down and abandoning module Android_MultiTargetPlatform (35)
[2016.04.20-19.15.58:960][807]LogModuleManager: Shutting down and abandoning module Android_ETC2TargetPlatform (34)
[2016.04.20-19.15.58:960][807]LogModuleManager: Shutting down and abandoning module Android_ETC1TargetPlatform (33)
[2016.04.20-19.15.58:961][807]LogModuleManager: Shutting down and abandoning module Android_DXTTargetPlatform (32)
[2016.04.20-19.15.58:961][807]LogModuleManager: Shutting down and abandoning module Android_ATCTargetPlatform (31)
[2016.04.20-19.15.58:961][807]LogModuleManager: Shutting down and abandoning module Android_ASTCTargetPlatform (30)
[2016.04.20-19.15.58:961][807]LogModuleManager: Shutting down and abandoning module AndroidTargetPlatform (29)
[2016.04.20-19.15.58:961][807]LogModuleManager: Shutting down and abandoning module WindowsTargetPlatform (28)
[2016.04.20-19.15.58:961][807]LogModuleManager: Shutting down and abandoning module WindowsServerTargetPlatform (27)
[2016.04.20-19.15.58:961][807]LogModuleManager: Shutting down and abandoning module WindowsNoEditorTargetPlatform (26)
[2016.04.20-19.15.58:961][807]LogModuleManager: Shutting down and abandoning module WindowsClientTargetPlatform (25)
[2016.04.20-19.15.58:961][807]LogModuleManager: Shutting down and abandoning module AllDesktopTargetPlatform (24)
[2016.04.20-19.15.58:961][807]LogModuleManager: Shutting down and abandoning module TargetPlatform (23)
[2016.04.20-19.15.58:961][807]LogModuleManager: Shutting down and abandoning module InputCore (22)
[2016.04.20-19.15.58:961][807]LogModuleManager: Shutting down and abandoning module Settings (21)
[2016.04.20-19.15.58:961][807]LogModuleManager: Shutting down and abandoning module OnlineSubsystem (19)
[2016.04.20-19.15.58:961][807]LogModuleManager: Shutting down and abandoning module HTTP (18)
[2016.04.20-19.16.00:963][807]LogModuleManager: Shutting down and abandoning module XMPP (17)
[2016.04.20-19.16.00:964][807]LogModuleManager: Shutting down and abandoning module OculusRift (16)
[2016.04.20-19.16.00:966][807]LogModuleManager: Shutting down and abandoning module ExampleDeviceProfileSelector (15)
[2016.04.20-19.16.00:966][807]LogModuleManager: Shutting down and abandoning module TextureCompressor (14)
[2016.04.20-19.16.00:966][807]LogModuleManager: Shutting down and abandoning module ShaderCore (13)
[2016.04.20-19.16.00:966][807]LogModuleManager: Shutting down and abandoning module Landscape (12)
[2016.04.20-19.16.00:966][807]LogModuleManager: Shutting down and abandoning module SlateRHIRenderer (11)
[2016.04.20-19.16.00:967][807]LogModuleManager: Shutting down and abandoning module OpenGLDrv (10)
[2016.04.20-19.16.00:968][807]LogModuleManager: Shutting down and abandoning module D3D11RHI (9)
[2016.04.20-19.16.00:968][807]LogModuleManager: Shutting down and abandoning module AnimGraphRuntime (8)
[2016.04.20-19.16.00:968][807]LogModuleManager: Shutting down and abandoning module Renderer (7)
[2016.04.20-19.16.00:968][807]LogModuleManager: Shutting down and abandoning module Engine (6)
[2016.04.20-19.16.00:968][807]LogModuleManager: Shutting down and abandoning module CoreUObject (5)
[2016.04.20-19.16.00:968][807]LogModuleManager: Shutting down and abandoning module NetworkFile (4)
[2016.04.20-19.16.00:968][807]LogModuleManager: Shutting down and abandoning module StreamingFile (3)
[2016.04.20-19.16.00:969][807]LogModuleManager: Shutting down and abandoning module SandboxFile (2)
[2016.04.20-19.16.00:969][807]LogModuleManager: Shutting down and abandoning module PakFile (1)
[2016.04.20-19.16.00:971][807]LogExit: Exiting.
[2016.04.20-19.16.01:040][807]Log file closed, 04/20/16 14:16:01
